2025-11-12 13:55:18,169 [INFO] 설정 파일 로드 완료: configs/book_crossing.yaml
2025-11-12 13:55:18,171 [INFO] 랜덤 시드 42 설정 완료
2025-11-12 13:55:18,171 [INFO] 데이터 로드 및 분할 진행...
2025-11-12 13:55:18,171 [INFO] Raw 데이터 로드 시작: 'book_crossing' from './data/book-crossing/'
2025-11-12 13:55:18,702 [INFO] 데이터 분할 진행 (최소 상호작용 수=20)...
2025-11-12 13:55:18,951 [INFO] 분할된 데이터프레임 결합
2025-11-12 13:55:18,996 [INFO] 분할된 데이터프레임 결합 완료
2025-11-12 13:55:19,003 [INFO] Cornac 평가 방법 설정
2025-11-12 13:55:19,027 [INFO] 아이템 메타 정보
2025-11-12 13:55:19,033 [INFO] 데이터 로드 및 준비 완료.
2025-11-12 13:55:19,035 [INFO] --- 1. 람다 민감도 분석 시작 ---
2025-11-12 13:55:19,035 [INFO] Reranker와 사용자 프로필 초기화
2025-11-12 13:55:19,037 [INFO] 다양성 데이터 준비 시작
2025-11-12 13:55:19,136 [INFO] 다양성 데이터 준비 완료.
2025-11-12 13:55:19,136 [INFO] Reranker 초기화 완료 및 사용자 프로필 준비 완료
2025-11-12 13:55:19,137 [INFO] 최적 파라미터로 베이스라인 모델 로드
2025-11-12 13:55:19,137 [INFO] [EASEᴿ] 파라미터 로드 진행
2025-11-12 13:55:19,137 [INFO] [EASEᴿ] 설정 파일에서 파라미터 로드 완료: {'lamb': 500}
2025-11-12 13:55:19,137 [INFO] [VAECF] 파라미터 로드 진행
2025-11-12 13:55:19,137 [INFO] [VAECF] 설정 파일에서 파라미터 로드 완료: {'k': 10, 'autoencoder_structure': [20], 'n_epochs': 100, 'learning_rate': 0.001}
2025-11-12 13:55:19,137 [INFO] [NeuMF] 파라미터 로드 진행
2025-11-12 13:55:19,137 [INFO] [NeuMF] 설정 파일에서 파라미터 로드 완료: {'num_factors': 8, 'layers': [64, 32, 16, 8], 'num_epochs': 10, 'lr': 0.001}
2025-11-12 13:55:19,137 [INFO] --- 실험 실행 시작 (최적 파라미터): ['EASEᴿ', 'VAECF', 'NeuMF'] ---
2025-11-12 13:56:19,412 [INFO] --- 실험 완료 ---
2025-11-12 13:56:19,412 [WARNING] 설정 파일에 'lambda_sweep_values'가 없어 기본값 사용: [0.1 0.2 0.3 0.4 0.5 0.6 0.7 0.8 0.9]
2025-11-12 13:56:19,412 [INFO] --- 베이스라인 (None) 실행 시작: EASEᴿ ---
2025-11-12 13:56:19,412 [INFO] 실험 시작: 모델 EASEᴿ, 모드 None, 개인화 NP
2025-11-12 13:56:20,726 [INFO] 평가 결과 집계 시작
2025-11-12 13:56:20,727 [INFO] 실험 완료: 모델 EASEᴿ, 모드 None, 개인화 NP
2025-11-12 13:56:20,727 [INFO] --- 베이스라인 (None) 실행 시작: VAECF ---
2025-11-12 13:56:20,727 [INFO] 실험 시작: 모델 VAECF, 모드 None, 개인화 NP
2025-11-12 13:56:22,027 [INFO] 평가 결과 집계 시작
2025-11-12 13:56:22,028 [INFO] 실험 완료: 모델 VAECF, 모드 None, 개인화 NP
2025-11-12 13:56:22,028 [INFO] --- 베이스라인 (None) 실행 시작: NeuMF ---
2025-11-12 13:56:22,028 [INFO] 실험 시작: 모델 NeuMF, 모드 None, 개인화 NP
2025-11-12 13:56:29,948 [INFO] 평가 결과 집계 시작
2025-11-12 13:56:29,949 [INFO] 실험 완료: 모델 NeuMF, 모드 None, 개인화 NP
2025-11-12 13:56:29,950 [INFO] --- 스윕 실행 시작: EASEᴿ | I_DIV | P | λ=0.1 ---
2025-11-12 13:56:29,950 [INFO] 실험 시작: 모델 EASEᴿ, 모드 I_DIV, 개인화 P
2025-11-12 13:56:40,654 [INFO] 평가 결과 집계 시작
2025-11-12 13:56:40,654 [INFO] 실험 완료: 모델 EASEᴿ, 모드 I_DIV, 개인화 P
2025-11-12 13:56:40,655 [INFO] --- 스윕 실행 시작: EASEᴿ | I_DIV | P | λ=0.2 ---
2025-11-12 13:56:40,655 [INFO] 실험 시작: 모델 EASEᴿ, 모드 I_DIV, 개인화 P
2025-11-12 13:56:51,417 [INFO] 평가 결과 집계 시작
2025-11-12 13:56:51,418 [INFO] 실험 완료: 모델 EASEᴿ, 모드 I_DIV, 개인화 P
2025-11-12 13:56:51,418 [INFO] --- 스윕 실행 시작: EASEᴿ | I_DIV | P | λ=0.3 ---
2025-11-12 13:56:51,418 [INFO] 실험 시작: 모델 EASEᴿ, 모드 I_DIV, 개인화 P
2025-11-12 13:57:02,471 [INFO] 평가 결과 집계 시작
2025-11-12 13:57:02,473 [INFO] 실험 완료: 모델 EASEᴿ, 모드 I_DIV, 개인화 P
2025-11-12 13:57:02,473 [INFO] --- 스윕 실행 시작: EASEᴿ | I_DIV | P | λ=0.4 ---
2025-11-12 13:57:02,473 [INFO] 실험 시작: 모델 EASEᴿ, 모드 I_DIV, 개인화 P
2025-11-12 13:57:13,271 [INFO] 평가 결과 집계 시작
2025-11-12 13:57:13,272 [INFO] 실험 완료: 모델 EASEᴿ, 모드 I_DIV, 개인화 P
2025-11-12 13:57:13,272 [INFO] --- 스윕 실행 시작: EASEᴿ | I_DIV | P | λ=0.5 ---
2025-11-12 13:57:13,272 [INFO] 실험 시작: 모델 EASEᴿ, 모드 I_DIV, 개인화 P
2025-11-12 13:57:24,243 [INFO] 평가 결과 집계 시작
2025-11-12 13:57:24,245 [INFO] 실험 완료: 모델 EASEᴿ, 모드 I_DIV, 개인화 P
2025-11-12 13:57:24,245 [INFO] --- 스윕 실행 시작: EASEᴿ | I_DIV | P | λ=0.6 ---
2025-11-12 13:57:24,245 [INFO] 실험 시작: 모델 EASEᴿ, 모드 I_DIV, 개인화 P
2025-11-12 13:57:35,254 [INFO] 평가 결과 집계 시작
2025-11-12 13:57:35,256 [INFO] 실험 완료: 모델 EASEᴿ, 모드 I_DIV, 개인화 P
2025-11-12 13:57:35,256 [INFO] --- 스윕 실행 시작: EASEᴿ | I_DIV | P | λ=0.7 ---
2025-11-12 13:57:35,256 [INFO] 실험 시작: 모델 EASEᴿ, 모드 I_DIV, 개인화 P
2025-11-12 13:57:46,210 [INFO] 평가 결과 집계 시작
2025-11-12 13:57:46,211 [INFO] 실험 완료: 모델 EASEᴿ, 모드 I_DIV, 개인화 P
2025-11-12 13:57:46,211 [INFO] --- 스윕 실행 시작: EASEᴿ | I_DIV | P | λ=0.8 ---
2025-11-12 13:57:46,211 [INFO] 실험 시작: 모델 EASEᴿ, 모드 I_DIV, 개인화 P
2025-11-12 13:57:57,185 [INFO] 평가 결과 집계 시작
2025-11-12 13:57:57,186 [INFO] 실험 완료: 모델 EASEᴿ, 모드 I_DIV, 개인화 P
2025-11-12 13:57:57,186 [INFO] --- 스윕 실행 시작: EASEᴿ | I_DIV | P | λ=0.9 ---
2025-11-12 13:57:57,186 [INFO] 실험 시작: 모델 EASEᴿ, 모드 I_DIV, 개인화 P
2025-11-12 13:58:09,041 [INFO] 평가 결과 집계 시작
2025-11-12 13:58:09,042 [INFO] 실험 완료: 모델 EASEᴿ, 모드 I_DIV, 개인화 P
2025-11-12 13:58:09,043 [INFO] --- 스윕 실행 시작: EASEᴿ | A_DIV | P | λ=0.1 ---
2025-11-12 13:58:09,043 [INFO] 실험 시작: 모델 EASEᴿ, 모드 A_DIV, 개인화 P
2025-11-12 13:58:20,835 [INFO] 평가 결과 집계 시작
2025-11-12 13:58:20,836 [INFO] 실험 완료: 모델 EASEᴿ, 모드 A_DIV, 개인화 P
2025-11-12 13:58:20,837 [INFO] --- 스윕 실행 시작: EASEᴿ | A_DIV | P | λ=0.2 ---
2025-11-12 13:58:20,837 [INFO] 실험 시작: 모델 EASEᴿ, 모드 A_DIV, 개인화 P
2025-11-12 13:58:32,709 [INFO] 평가 결과 집계 시작
2025-11-12 13:58:32,710 [INFO] 실험 완료: 모델 EASEᴿ, 모드 A_DIV, 개인화 P
2025-11-12 13:58:32,710 [INFO] --- 스윕 실행 시작: EASEᴿ | A_DIV | P | λ=0.3 ---
2025-11-12 13:58:32,710 [INFO] 실험 시작: 모델 EASEᴿ, 모드 A_DIV, 개인화 P
2025-11-12 13:58:44,548 [INFO] 평가 결과 집계 시작
2025-11-12 13:58:44,549 [INFO] 실험 완료: 모델 EASEᴿ, 모드 A_DIV, 개인화 P
2025-11-12 13:58:44,549 [INFO] --- 스윕 실행 시작: EASEᴿ | A_DIV | P | λ=0.4 ---
2025-11-12 13:58:44,549 [INFO] 실험 시작: 모델 EASEᴿ, 모드 A_DIV, 개인화 P
2025-11-12 13:58:56,435 [INFO] 평가 결과 집계 시작
2025-11-12 13:58:56,436 [INFO] 실험 완료: 모델 EASEᴿ, 모드 A_DIV, 개인화 P
2025-11-12 13:58:56,437 [INFO] --- 스윕 실행 시작: EASEᴿ | A_DIV | P | λ=0.5 ---
2025-11-12 13:58:56,437 [INFO] 실험 시작: 모델 EASEᴿ, 모드 A_DIV, 개인화 P
2025-11-12 13:59:08,168 [INFO] 평가 결과 집계 시작
2025-11-12 13:59:08,169 [INFO] 실험 완료: 모델 EASEᴿ, 모드 A_DIV, 개인화 P
2025-11-12 13:59:08,169 [INFO] --- 스윕 실행 시작: EASEᴿ | A_DIV | P | λ=0.6 ---
2025-11-12 13:59:08,169 [INFO] 실험 시작: 모델 EASEᴿ, 모드 A_DIV, 개인화 P
2025-11-12 13:59:19,907 [INFO] 평가 결과 집계 시작
2025-11-12 13:59:19,908 [INFO] 실험 완료: 모델 EASEᴿ, 모드 A_DIV, 개인화 P
2025-11-12 13:59:19,909 [INFO] --- 스윕 실행 시작: EASEᴿ | A_DIV | P | λ=0.7 ---
2025-11-12 13:59:19,909 [INFO] 실험 시작: 모델 EASEᴿ, 모드 A_DIV, 개인화 P
2025-11-12 13:59:31,718 [INFO] 평가 결과 집계 시작
2025-11-12 13:59:31,720 [INFO] 실험 완료: 모델 EASEᴿ, 모드 A_DIV, 개인화 P
2025-11-12 13:59:31,720 [INFO] --- 스윕 실행 시작: EASEᴿ | A_DIV | P | λ=0.8 ---
2025-11-12 13:59:31,720 [INFO] 실험 시작: 모델 EASEᴿ, 모드 A_DIV, 개인화 P
2025-11-12 13:59:43,515 [INFO] 평가 결과 집계 시작
2025-11-12 13:59:43,516 [INFO] 실험 완료: 모델 EASEᴿ, 모드 A_DIV, 개인화 P
2025-11-12 13:59:43,517 [INFO] --- 스윕 실행 시작: EASEᴿ | A_DIV | P | λ=0.9 ---
2025-11-12 13:59:43,517 [INFO] 실험 시작: 모델 EASEᴿ, 모드 A_DIV, 개인화 P
2025-11-12 13:59:55,294 [INFO] 평가 결과 집계 시작
2025-11-12 13:59:55,295 [INFO] 실험 완료: 모델 EASEᴿ, 모드 A_DIV, 개인화 P
2025-11-12 13:59:55,295 [INFO] --- 스윕 실행 시작: EASEᴿ | I_DIV+A_DIV | P | λ=0.1 ---
2025-11-12 13:59:55,295 [INFO] 실험 시작: 모델 EASEᴿ, 모드 I_DIV+A_DIV, 개인화 P
2025-11-12 14:00:16,468 [INFO] 평가 결과 집계 시작
2025-11-12 14:00:16,469 [INFO] 실험 완료: 모델 EASEᴿ, 모드 I_DIV+A_DIV, 개인화 P
2025-11-12 14:00:16,469 [INFO] --- 스윕 실행 시작: EASEᴿ | I_DIV+A_DIV | P | λ=0.2 ---
2025-11-12 14:00:16,469 [INFO] 실험 시작: 모델 EASEᴿ, 모드 I_DIV+A_DIV, 개인화 P
2025-11-12 14:00:37,833 [INFO] 평가 결과 집계 시작
2025-11-12 14:00:37,835 [INFO] 실험 완료: 모델 EASEᴿ, 모드 I_DIV+A_DIV, 개인화 P
2025-11-12 14:00:37,835 [INFO] --- 스윕 실행 시작: EASEᴿ | I_DIV+A_DIV | P | λ=0.3 ---
2025-11-12 14:00:37,835 [INFO] 실험 시작: 모델 EASEᴿ, 모드 I_DIV+A_DIV, 개인화 P
2025-11-12 14:00:59,168 [INFO] 평가 결과 집계 시작
2025-11-12 14:00:59,170 [INFO] 실험 완료: 모델 EASEᴿ, 모드 I_DIV+A_DIV, 개인화 P
2025-11-12 14:00:59,170 [INFO] --- 스윕 실행 시작: EASEᴿ | I_DIV+A_DIV | P | λ=0.4 ---
2025-11-12 14:00:59,170 [INFO] 실험 시작: 모델 EASEᴿ, 모드 I_DIV+A_DIV, 개인화 P
2025-11-12 14:01:20,480 [INFO] 평가 결과 집계 시작
2025-11-12 14:01:20,482 [INFO] 실험 완료: 모델 EASEᴿ, 모드 I_DIV+A_DIV, 개인화 P
2025-11-12 14:01:20,482 [INFO] --- 스윕 실행 시작: EASEᴿ | I_DIV+A_DIV | P | λ=0.5 ---
2025-11-12 14:01:20,482 [INFO] 실험 시작: 모델 EASEᴿ, 모드 I_DIV+A_DIV, 개인화 P
2025-11-12 14:01:41,869 [INFO] 평가 결과 집계 시작
2025-11-12 14:01:41,871 [INFO] 실험 완료: 모델 EASEᴿ, 모드 I_DIV+A_DIV, 개인화 P
2025-11-12 14:01:41,871 [INFO] --- 스윕 실행 시작: EASEᴿ | I_DIV+A_DIV | P | λ=0.6 ---
2025-11-12 14:01:41,871 [INFO] 실험 시작: 모델 EASEᴿ, 모드 I_DIV+A_DIV, 개인화 P
2025-11-12 14:02:03,166 [INFO] 평가 결과 집계 시작
2025-11-12 14:02:03,167 [INFO] 실험 완료: 모델 EASEᴿ, 모드 I_DIV+A_DIV, 개인화 P
2025-11-12 14:02:03,167 [INFO] --- 스윕 실행 시작: EASEᴿ | I_DIV+A_DIV | P | λ=0.7 ---
2025-11-12 14:02:03,168 [INFO] 실험 시작: 모델 EASEᴿ, 모드 I_DIV+A_DIV, 개인화 P
2025-11-12 14:02:24,799 [INFO] 평가 결과 집계 시작
2025-11-12 14:02:24,801 [INFO] 실험 완료: 모델 EASEᴿ, 모드 I_DIV+A_DIV, 개인화 P
2025-11-12 14:02:24,801 [INFO] --- 스윕 실행 시작: EASEᴿ | I_DIV+A_DIV | P | λ=0.8 ---
2025-11-12 14:02:24,801 [INFO] 실험 시작: 모델 EASEᴿ, 모드 I_DIV+A_DIV, 개인화 P
2025-11-12 14:02:46,212 [INFO] 평가 결과 집계 시작
2025-11-12 14:02:46,213 [INFO] 실험 완료: 모델 EASEᴿ, 모드 I_DIV+A_DIV, 개인화 P
2025-11-12 14:02:46,213 [INFO] --- 스윕 실행 시작: EASEᴿ | I_DIV+A_DIV | P | λ=0.9 ---
2025-11-12 14:02:46,213 [INFO] 실험 시작: 모델 EASEᴿ, 모드 I_DIV+A_DIV, 개인화 P
2025-11-12 14:03:07,697 [INFO] 평가 결과 집계 시작
2025-11-12 14:03:07,698 [INFO] 실험 완료: 모델 EASEᴿ, 모드 I_DIV+A_DIV, 개인화 P
2025-11-12 14:03:07,698 [INFO] --- 스윕 실행 시작: EASEᴿ | I_DIV | NP | λ=0.1 ---
2025-11-12 14:03:07,698 [INFO] 실험 시작: 모델 EASEᴿ, 모드 I_DIV, 개인화 NP
2025-11-12 14:03:18,243 [INFO] 평가 결과 집계 시작
2025-11-12 14:03:18,244 [INFO] 실험 완료: 모델 EASEᴿ, 모드 I_DIV, 개인화 NP
2025-11-12 14:03:18,245 [INFO] --- 스윕 실행 시작: EASEᴿ | I_DIV | NP | λ=0.2 ---
2025-11-12 14:03:18,245 [INFO] 실험 시작: 모델 EASEᴿ, 모드 I_DIV, 개인화 NP
2025-11-12 14:03:28,806 [INFO] 평가 결과 집계 시작
2025-11-12 14:03:28,807 [INFO] 실험 완료: 모델 EASEᴿ, 모드 I_DIV, 개인화 NP
2025-11-12 14:03:28,807 [INFO] --- 스윕 실행 시작: EASEᴿ | I_DIV | NP | λ=0.3 ---
2025-11-12 14:03:28,807 [INFO] 실험 시작: 모델 EASEᴿ, 모드 I_DIV, 개인화 NP
2025-11-12 14:03:39,419 [INFO] 평가 결과 집계 시작
2025-11-12 14:03:39,420 [INFO] 실험 완료: 모델 EASEᴿ, 모드 I_DIV, 개인화 NP
2025-11-12 14:03:39,420 [INFO] --- 스윕 실행 시작: EASEᴿ | I_DIV | NP | λ=0.4 ---
2025-11-12 14:03:39,420 [INFO] 실험 시작: 모델 EASEᴿ, 모드 I_DIV, 개인화 NP
2025-11-12 14:03:50,082 [INFO] 평가 결과 집계 시작
2025-11-12 14:03:50,083 [INFO] 실험 완료: 모델 EASEᴿ, 모드 I_DIV, 개인화 NP
2025-11-12 14:03:50,083 [INFO] --- 스윕 실행 시작: EASEᴿ | I_DIV | NP | λ=0.5 ---
2025-11-12 14:03:50,083 [INFO] 실험 시작: 모델 EASEᴿ, 모드 I_DIV, 개인화 NP
2025-11-12 14:04:01,087 [INFO] 평가 결과 집계 시작
2025-11-12 14:04:01,089 [INFO] 실험 완료: 모델 EASEᴿ, 모드 I_DIV, 개인화 NP
2025-11-12 14:04:01,089 [INFO] --- 스윕 실행 시작: EASEᴿ | I_DIV | NP | λ=0.6 ---
2025-11-12 14:04:01,089 [INFO] 실험 시작: 모델 EASEᴿ, 모드 I_DIV, 개인화 NP
2025-11-12 14:04:12,301 [INFO] 평가 결과 집계 시작
2025-11-12 14:04:12,302 [INFO] 실험 완료: 모델 EASEᴿ, 모드 I_DIV, 개인화 NP
2025-11-12 14:04:12,303 [INFO] --- 스윕 실행 시작: EASEᴿ | I_DIV | NP | λ=0.7 ---
2025-11-12 14:04:12,303 [INFO] 실험 시작: 모델 EASEᴿ, 모드 I_DIV, 개인화 NP
2025-11-12 14:04:23,491 [INFO] 평가 결과 집계 시작
2025-11-12 14:04:23,492 [INFO] 실험 완료: 모델 EASEᴿ, 모드 I_DIV, 개인화 NP
2025-11-12 14:04:23,492 [INFO] --- 스윕 실행 시작: EASEᴿ | I_DIV | NP | λ=0.8 ---
2025-11-12 14:04:23,492 [INFO] 실험 시작: 모델 EASEᴿ, 모드 I_DIV, 개인화 NP
2025-11-12 14:04:34,766 [INFO] 평가 결과 집계 시작
2025-11-12 14:04:34,768 [INFO] 실험 완료: 모델 EASEᴿ, 모드 I_DIV, 개인화 NP
2025-11-12 14:04:34,768 [INFO] --- 스윕 실행 시작: EASEᴿ | I_DIV | NP | λ=0.9 ---
2025-11-12 14:04:34,768 [INFO] 실험 시작: 모델 EASEᴿ, 모드 I_DIV, 개인화 NP
2025-11-12 14:04:45,969 [INFO] 평가 결과 집계 시작
2025-11-12 14:04:45,970 [INFO] 실험 완료: 모델 EASEᴿ, 모드 I_DIV, 개인화 NP
2025-11-12 14:04:45,970 [INFO] --- 스윕 실행 시작: EASEᴿ | A_DIV | NP | λ=0.1 ---
2025-11-12 14:04:45,970 [INFO] 실험 시작: 모델 EASEᴿ, 모드 A_DIV, 개인화 NP
2025-11-12 14:04:57,897 [INFO] 평가 결과 집계 시작
2025-11-12 14:04:57,897 [INFO] 실험 완료: 모델 EASEᴿ, 모드 A_DIV, 개인화 NP
2025-11-12 14:04:57,898 [INFO] --- 스윕 실행 시작: EASEᴿ | A_DIV | NP | λ=0.2 ---
2025-11-12 14:04:57,898 [INFO] 실험 시작: 모델 EASEᴿ, 모드 A_DIV, 개인화 NP
2025-11-12 14:05:09,918 [INFO] 평가 결과 집계 시작
2025-11-12 14:05:09,919 [INFO] 실험 완료: 모델 EASEᴿ, 모드 A_DIV, 개인화 NP
2025-11-12 14:05:09,920 [INFO] --- 스윕 실행 시작: EASEᴿ | A_DIV | NP | λ=0.3 ---
2025-11-12 14:05:09,920 [INFO] 실험 시작: 모델 EASEᴿ, 모드 A_DIV, 개인화 NP
2025-11-12 14:05:21,785 [INFO] 평가 결과 집계 시작
2025-11-12 14:05:21,785 [INFO] 실험 완료: 모델 EASEᴿ, 모드 A_DIV, 개인화 NP
2025-11-12 14:05:21,786 [INFO] --- 스윕 실행 시작: EASEᴿ | A_DIV | NP | λ=0.4 ---
2025-11-12 14:05:21,786 [INFO] 실험 시작: 모델 EASEᴿ, 모드 A_DIV, 개인화 NP
2025-11-12 14:05:33,657 [INFO] 평가 결과 집계 시작
2025-11-12 14:05:33,658 [INFO] 실험 완료: 모델 EASEᴿ, 모드 A_DIV, 개인화 NP
2025-11-12 14:05:33,658 [INFO] --- 스윕 실행 시작: EASEᴿ | A_DIV | NP | λ=0.5 ---
2025-11-12 14:05:33,658 [INFO] 실험 시작: 모델 EASEᴿ, 모드 A_DIV, 개인화 NP
2025-11-12 14:05:45,731 [INFO] 평가 결과 집계 시작
2025-11-12 14:05:45,732 [INFO] 실험 완료: 모델 EASEᴿ, 모드 A_DIV, 개인화 NP
2025-11-12 14:05:45,733 [INFO] --- 스윕 실행 시작: EASEᴿ | A_DIV | NP | λ=0.6 ---
2025-11-12 14:05:45,733 [INFO] 실험 시작: 모델 EASEᴿ, 모드 A_DIV, 개인화 NP
2025-11-12 14:05:57,629 [INFO] 평가 결과 집계 시작
2025-11-12 14:05:57,629 [INFO] 실험 완료: 모델 EASEᴿ, 모드 A_DIV, 개인화 NP
2025-11-12 14:05:57,630 [INFO] --- 스윕 실행 시작: EASEᴿ | A_DIV | NP | λ=0.7 ---
2025-11-12 14:05:57,630 [INFO] 실험 시작: 모델 EASEᴿ, 모드 A_DIV, 개인화 NP
2025-11-12 14:06:09,559 [INFO] 평가 결과 집계 시작
2025-11-12 14:06:09,560 [INFO] 실험 완료: 모델 EASEᴿ, 모드 A_DIV, 개인화 NP
2025-11-12 14:06:09,560 [INFO] --- 스윕 실행 시작: EASEᴿ | A_DIV | NP | λ=0.8 ---
2025-11-12 14:06:09,560 [INFO] 실험 시작: 모델 EASEᴿ, 모드 A_DIV, 개인화 NP
2025-11-12 14:06:21,480 [INFO] 평가 결과 집계 시작
2025-11-12 14:06:21,480 [INFO] 실험 완료: 모델 EASEᴿ, 모드 A_DIV, 개인화 NP
2025-11-12 14:06:21,481 [INFO] --- 스윕 실행 시작: EASEᴿ | A_DIV | NP | λ=0.9 ---
2025-11-12 14:06:21,481 [INFO] 실험 시작: 모델 EASEᴿ, 모드 A_DIV, 개인화 NP
2025-11-12 14:06:33,427 [INFO] 평가 결과 집계 시작
2025-11-12 14:06:33,428 [INFO] 실험 완료: 모델 EASEᴿ, 모드 A_DIV, 개인화 NP
2025-11-12 14:06:33,428 [INFO] --- 스윕 실행 시작: EASEᴿ | I_DIV+A_DIV | NP | λ=0.1 ---
2025-11-12 14:06:33,428 [INFO] 실험 시작: 모델 EASEᴿ, 모드 I_DIV+A_DIV, 개인화 NP
2025-11-12 14:06:54,585 [INFO] 평가 결과 집계 시작
2025-11-12 14:06:54,587 [INFO] 실험 완료: 모델 EASEᴿ, 모드 I_DIV+A_DIV, 개인화 NP
2025-11-12 14:06:54,587 [INFO] --- 스윕 실행 시작: EASEᴿ | I_DIV+A_DIV | NP | λ=0.2 ---
2025-11-12 14:06:54,587 [INFO] 실험 시작: 모델 EASEᴿ, 모드 I_DIV+A_DIV, 개인화 NP
2025-11-12 14:07:16,070 [INFO] 평가 결과 집계 시작
2025-11-12 14:07:16,072 [INFO] 실험 완료: 모델 EASEᴿ, 모드 I_DIV+A_DIV, 개인화 NP
2025-11-12 14:07:16,072 [INFO] --- 스윕 실행 시작: EASEᴿ | I_DIV+A_DIV | NP | λ=0.3 ---
2025-11-12 14:07:16,072 [INFO] 실험 시작: 모델 EASEᴿ, 모드 I_DIV+A_DIV, 개인화 NP
2025-11-12 14:07:37,737 [INFO] 평가 결과 집계 시작
2025-11-12 14:07:37,738 [INFO] 실험 완료: 모델 EASEᴿ, 모드 I_DIV+A_DIV, 개인화 NP
2025-11-12 14:07:37,739 [INFO] --- 스윕 실행 시작: EASEᴿ | I_DIV+A_DIV | NP | λ=0.4 ---
2025-11-12 14:07:37,739 [INFO] 실험 시작: 모델 EASEᴿ, 모드 I_DIV+A_DIV, 개인화 NP
2025-11-12 14:07:59,572 [INFO] 평가 결과 집계 시작
2025-11-12 14:07:59,572 [INFO] 실험 완료: 모델 EASEᴿ, 모드 I_DIV+A_DIV, 개인화 NP
2025-11-12 14:07:59,573 [INFO] --- 스윕 실행 시작: EASEᴿ | I_DIV+A_DIV | NP | λ=0.5 ---
2025-11-12 14:07:59,573 [INFO] 실험 시작: 모델 EASEᴿ, 모드 I_DIV+A_DIV, 개인화 NP
2025-11-12 14:08:21,046 [INFO] 평가 결과 집계 시작
2025-11-12 14:08:21,047 [INFO] 실험 완료: 모델 EASEᴿ, 모드 I_DIV+A_DIV, 개인화 NP
2025-11-12 14:08:21,048 [INFO] --- 스윕 실행 시작: EASEᴿ | I_DIV+A_DIV | NP | λ=0.6 ---
2025-11-12 14:08:21,048 [INFO] 실험 시작: 모델 EASEᴿ, 모드 I_DIV+A_DIV, 개인화 NP
2025-11-12 14:08:42,505 [INFO] 평가 결과 집계 시작
2025-11-12 14:08:42,506 [INFO] 실험 완료: 모델 EASEᴿ, 모드 I_DIV+A_DIV, 개인화 NP
2025-11-12 14:08:42,506 [INFO] --- 스윕 실행 시작: EASEᴿ | I_DIV+A_DIV | NP | λ=0.7 ---
2025-11-12 14:08:42,506 [INFO] 실험 시작: 모델 EASEᴿ, 모드 I_DIV+A_DIV, 개인화 NP
2025-11-12 14:09:04,038 [INFO] 평가 결과 집계 시작
2025-11-12 14:09:04,039 [INFO] 실험 완료: 모델 EASEᴿ, 모드 I_DIV+A_DIV, 개인화 NP
2025-11-12 14:09:04,040 [INFO] --- 스윕 실행 시작: EASEᴿ | I_DIV+A_DIV | NP | λ=0.8 ---
2025-11-12 14:09:04,040 [INFO] 실험 시작: 모델 EASEᴿ, 모드 I_DIV+A_DIV, 개인화 NP
2025-11-12 14:09:25,634 [INFO] 평가 결과 집계 시작
2025-11-12 14:09:25,635 [INFO] 실험 완료: 모델 EASEᴿ, 모드 I_DIV+A_DIV, 개인화 NP
2025-11-12 14:09:25,636 [INFO] --- 스윕 실행 시작: EASEᴿ | I_DIV+A_DIV | NP | λ=0.9 ---
2025-11-12 14:09:25,636 [INFO] 실험 시작: 모델 EASEᴿ, 모드 I_DIV+A_DIV, 개인화 NP
2025-11-12 14:09:47,406 [INFO] 평가 결과 집계 시작
2025-11-12 14:09:47,408 [INFO] 실험 완료: 모델 EASEᴿ, 모드 I_DIV+A_DIV, 개인화 NP
2025-11-12 14:09:47,408 [INFO] --- 스윕 실행 시작: VAECF | I_DIV | P | λ=0.1 ---
2025-11-12 14:09:47,408 [INFO] 실험 시작: 모델 VAECF, 모드 I_DIV, 개인화 P
2025-11-12 14:09:58,998 [INFO] 평가 결과 집계 시작
2025-11-12 14:09:58,999 [INFO] 실험 완료: 모델 VAECF, 모드 I_DIV, 개인화 P
2025-11-12 14:09:59,000 [INFO] --- 스윕 실행 시작: VAECF | I_DIV | P | λ=0.2 ---
2025-11-12 14:09:59,000 [INFO] 실험 시작: 모델 VAECF, 모드 I_DIV, 개인화 P
2025-11-12 14:10:10,442 [INFO] 평가 결과 집계 시작
2025-11-12 14:10:10,444 [INFO] 실험 완료: 모델 VAECF, 모드 I_DIV, 개인화 P
2025-11-12 14:10:10,444 [INFO] --- 스윕 실행 시작: VAECF | I_DIV | P | λ=0.3 ---
2025-11-12 14:10:10,444 [INFO] 실험 시작: 모델 VAECF, 모드 I_DIV, 개인화 P
2025-11-12 14:10:22,083 [INFO] 평가 결과 집계 시작
2025-11-12 14:10:22,083 [INFO] 실험 완료: 모델 VAECF, 모드 I_DIV, 개인화 P
2025-11-12 14:10:22,084 [INFO] --- 스윕 실행 시작: VAECF | I_DIV | P | λ=0.4 ---
2025-11-12 14:10:22,084 [INFO] 실험 시작: 모델 VAECF, 모드 I_DIV, 개인화 P
2025-11-12 14:10:33,760 [INFO] 평가 결과 집계 시작
2025-11-12 14:10:33,761 [INFO] 실험 완료: 모델 VAECF, 모드 I_DIV, 개인화 P
2025-11-12 14:10:33,761 [INFO] --- 스윕 실행 시작: VAECF | I_DIV | P | λ=0.5 ---
2025-11-12 14:10:33,761 [INFO] 실험 시작: 모델 VAECF, 모드 I_DIV, 개인화 P
2025-11-12 14:10:45,349 [INFO] 평가 결과 집계 시작
2025-11-12 14:10:45,350 [INFO] 실험 완료: 모델 VAECF, 모드 I_DIV, 개인화 P
2025-11-12 14:10:45,350 [INFO] --- 스윕 실행 시작: VAECF | I_DIV | P | λ=0.6 ---
2025-11-12 14:10:45,350 [INFO] 실험 시작: 모델 VAECF, 모드 I_DIV, 개인화 P
2025-11-12 14:10:56,942 [INFO] 평가 결과 집계 시작
2025-11-12 14:10:56,943 [INFO] 실험 완료: 모델 VAECF, 모드 I_DIV, 개인화 P
2025-11-12 14:10:56,943 [INFO] --- 스윕 실행 시작: VAECF | I_DIV | P | λ=0.7 ---
2025-11-12 14:10:56,943 [INFO] 실험 시작: 모델 VAECF, 모드 I_DIV, 개인화 P
2025-11-12 14:11:08,611 [INFO] 평가 결과 집계 시작
2025-11-12 14:11:08,612 [INFO] 실험 완료: 모델 VAECF, 모드 I_DIV, 개인화 P
2025-11-12 14:11:08,612 [INFO] --- 스윕 실행 시작: VAECF | I_DIV | P | λ=0.8 ---
2025-11-12 14:11:08,612 [INFO] 실험 시작: 모델 VAECF, 모드 I_DIV, 개인화 P
2025-11-12 14:11:20,344 [INFO] 평가 결과 집계 시작
2025-11-12 14:11:20,345 [INFO] 실험 완료: 모델 VAECF, 모드 I_DIV, 개인화 P
2025-11-12 14:11:20,345 [INFO] --- 스윕 실행 시작: VAECF | I_DIV | P | λ=0.9 ---
2025-11-12 14:11:20,345 [INFO] 실험 시작: 모델 VAECF, 모드 I_DIV, 개인화 P
2025-11-12 14:11:32,179 [INFO] 평가 결과 집계 시작
2025-11-12 14:11:32,180 [INFO] 실험 완료: 모델 VAECF, 모드 I_DIV, 개인화 P
2025-11-12 14:11:32,180 [INFO] --- 스윕 실행 시작: VAECF | A_DIV | P | λ=0.1 ---
2025-11-12 14:11:32,180 [INFO] 실험 시작: 모델 VAECF, 모드 A_DIV, 개인화 P
2025-11-12 14:11:44,544 [INFO] 평가 결과 집계 시작
2025-11-12 14:11:44,546 [INFO] 실험 완료: 모델 VAECF, 모드 A_DIV, 개인화 P
2025-11-12 14:11:44,546 [INFO] --- 스윕 실행 시작: VAECF | A_DIV | P | λ=0.2 ---
2025-11-12 14:11:44,546 [INFO] 실험 시작: 모델 VAECF, 모드 A_DIV, 개인화 P
2025-11-12 14:11:56,903 [INFO] 평가 결과 집계 시작
2025-11-12 14:11:56,904 [INFO] 실험 완료: 모델 VAECF, 모드 A_DIV, 개인화 P
2025-11-12 14:11:56,904 [INFO] --- 스윕 실행 시작: VAECF | A_DIV | P | λ=0.3 ---
2025-11-12 14:11:56,904 [INFO] 실험 시작: 모델 VAECF, 모드 A_DIV, 개인화 P
2025-11-12 14:12:09,277 [INFO] 평가 결과 집계 시작
2025-11-12 14:12:09,278 [INFO] 실험 완료: 모델 VAECF, 모드 A_DIV, 개인화 P
2025-11-12 14:12:09,279 [INFO] --- 스윕 실행 시작: VAECF | A_DIV | P | λ=0.4 ---
2025-11-12 14:12:09,279 [INFO] 실험 시작: 모델 VAECF, 모드 A_DIV, 개인화 P
2025-11-12 14:12:21,645 [INFO] 평가 결과 집계 시작
2025-11-12 14:12:21,646 [INFO] 실험 완료: 모델 VAECF, 모드 A_DIV, 개인화 P
2025-11-12 14:12:21,646 [INFO] --- 스윕 실행 시작: VAECF | A_DIV | P | λ=0.5 ---
2025-11-12 14:12:21,646 [INFO] 실험 시작: 모델 VAECF, 모드 A_DIV, 개인화 P
2025-11-12 14:12:34,171 [INFO] 평가 결과 집계 시작
2025-11-12 14:12:34,173 [INFO] 실험 완료: 모델 VAECF, 모드 A_DIV, 개인화 P
2025-11-12 14:12:34,173 [INFO] --- 스윕 실행 시작: VAECF | A_DIV | P | λ=0.6 ---
2025-11-12 14:12:34,173 [INFO] 실험 시작: 모델 VAECF, 모드 A_DIV, 개인화 P
2025-11-12 14:12:46,593 [INFO] 평가 결과 집계 시작
2025-11-12 14:12:46,594 [INFO] 실험 완료: 모델 VAECF, 모드 A_DIV, 개인화 P
2025-11-12 14:12:46,595 [INFO] --- 스윕 실행 시작: VAECF | A_DIV | P | λ=0.7 ---
2025-11-12 14:12:46,595 [INFO] 실험 시작: 모델 VAECF, 모드 A_DIV, 개인화 P
2025-11-12 14:12:58,968 [INFO] 평가 결과 집계 시작
2025-11-12 14:12:58,969 [INFO] 실험 완료: 모델 VAECF, 모드 A_DIV, 개인화 P
2025-11-12 14:12:58,969 [INFO] --- 스윕 실행 시작: VAECF | A_DIV | P | λ=0.8 ---
2025-11-12 14:12:58,969 [INFO] 실험 시작: 모델 VAECF, 모드 A_DIV, 개인화 P
2025-11-12 14:13:11,347 [INFO] 평가 결과 집계 시작
2025-11-12 14:13:11,348 [INFO] 실험 완료: 모델 VAECF, 모드 A_DIV, 개인화 P
2025-11-12 14:13:11,348 [INFO] --- 스윕 실행 시작: VAECF | A_DIV | P | λ=0.9 ---
2025-11-12 14:13:11,348 [INFO] 실험 시작: 모델 VAECF, 모드 A_DIV, 개인화 P
2025-11-12 14:13:23,660 [INFO] 평가 결과 집계 시작
2025-11-12 14:13:23,660 [INFO] 실험 완료: 모델 VAECF, 모드 A_DIV, 개인화 P
2025-11-12 14:13:23,661 [INFO] --- 스윕 실행 시작: VAECF | I_DIV+A_DIV | P | λ=0.1 ---
2025-11-12 14:13:23,661 [INFO] 실험 시작: 모델 VAECF, 모드 I_DIV+A_DIV, 개인화 P
2025-11-12 14:13:45,489 [INFO] 평가 결과 집계 시작
2025-11-12 14:13:45,490 [INFO] 실험 완료: 모델 VAECF, 모드 I_DIV+A_DIV, 개인화 P
2025-11-12 14:13:45,490 [INFO] --- 스윕 실행 시작: VAECF | I_DIV+A_DIV | P | λ=0.2 ---
2025-11-12 14:13:45,490 [INFO] 실험 시작: 모델 VAECF, 모드 I_DIV+A_DIV, 개인화 P
2025-11-12 14:14:07,475 [INFO] 평가 결과 집계 시작
2025-11-12 14:14:07,476 [INFO] 실험 완료: 모델 VAECF, 모드 I_DIV+A_DIV, 개인화 P
2025-11-12 14:14:07,476 [INFO] --- 스윕 실행 시작: VAECF | I_DIV+A_DIV | P | λ=0.3 ---
2025-11-12 14:14:07,476 [INFO] 실험 시작: 모델 VAECF, 모드 I_DIV+A_DIV, 개인화 P
2025-11-12 14:14:29,587 [INFO] 평가 결과 집계 시작
2025-11-12 14:14:29,588 [INFO] 실험 완료: 모델 VAECF, 모드 I_DIV+A_DIV, 개인화 P
2025-11-12 14:14:29,588 [INFO] --- 스윕 실행 시작: VAECF | I_DIV+A_DIV | P | λ=0.4 ---
2025-11-12 14:14:29,588 [INFO] 실험 시작: 모델 VAECF, 모드 I_DIV+A_DIV, 개인화 P
2025-11-12 14:14:51,696 [INFO] 평가 결과 집계 시작
2025-11-12 14:14:51,697 [INFO] 실험 완료: 모델 VAECF, 모드 I_DIV+A_DIV, 개인화 P
2025-11-12 14:14:51,697 [INFO] --- 스윕 실행 시작: VAECF | I_DIV+A_DIV | P | λ=0.5 ---
2025-11-12 14:14:51,697 [INFO] 실험 시작: 모델 VAECF, 모드 I_DIV+A_DIV, 개인화 P
2025-11-12 14:15:13,857 [INFO] 평가 결과 집계 시작
2025-11-12 14:15:13,858 [INFO] 실험 완료: 모델 VAECF, 모드 I_DIV+A_DIV, 개인화 P
2025-11-12 14:15:13,859 [INFO] --- 스윕 실행 시작: VAECF | I_DIV+A_DIV | P | λ=0.6 ---
2025-11-12 14:15:13,859 [INFO] 실험 시작: 모델 VAECF, 모드 I_DIV+A_DIV, 개인화 P
2025-11-12 14:15:36,347 [INFO] 평가 결과 집계 시작
2025-11-12 14:15:36,348 [INFO] 실험 완료: 모델 VAECF, 모드 I_DIV+A_DIV, 개인화 P
2025-11-12 14:15:36,348 [INFO] --- 스윕 실행 시작: VAECF | I_DIV+A_DIV | P | λ=0.7 ---
2025-11-12 14:15:36,348 [INFO] 실험 시작: 모델 VAECF, 모드 I_DIV+A_DIV, 개인화 P
2025-11-12 14:15:58,848 [INFO] 평가 결과 집계 시작
2025-11-12 14:15:58,849 [INFO] 실험 완료: 모델 VAECF, 모드 I_DIV+A_DIV, 개인화 P
2025-11-12 14:15:58,850 [INFO] --- 스윕 실행 시작: VAECF | I_DIV+A_DIV | P | λ=0.8 ---
2025-11-12 14:15:58,850 [INFO] 실험 시작: 모델 VAECF, 모드 I_DIV+A_DIV, 개인화 P
2025-11-12 14:16:21,772 [INFO] 평가 결과 집계 시작
2025-11-12 14:16:21,773 [INFO] 실험 완료: 모델 VAECF, 모드 I_DIV+A_DIV, 개인화 P
2025-11-12 14:16:21,773 [INFO] --- 스윕 실행 시작: VAECF | I_DIV+A_DIV | P | λ=0.9 ---
2025-11-12 14:16:21,773 [INFO] 실험 시작: 모델 VAECF, 모드 I_DIV+A_DIV, 개인화 P
2025-11-12 14:16:44,060 [INFO] 평가 결과 집계 시작
2025-11-12 14:16:44,061 [INFO] 실험 완료: 모델 VAECF, 모드 I_DIV+A_DIV, 개인화 P
2025-11-12 14:16:44,061 [INFO] --- 스윕 실행 시작: VAECF | I_DIV | NP | λ=0.1 ---
2025-11-12 14:16:44,061 [INFO] 실험 시작: 모델 VAECF, 모드 I_DIV, 개인화 NP
2025-11-12 14:16:55,088 [INFO] 평가 결과 집계 시작
2025-11-12 14:16:55,089 [INFO] 실험 완료: 모델 VAECF, 모드 I_DIV, 개인화 NP
2025-11-12 14:16:55,089 [INFO] --- 스윕 실행 시작: VAECF | I_DIV | NP | λ=0.2 ---
2025-11-12 14:16:55,089 [INFO] 실험 시작: 모델 VAECF, 모드 I_DIV, 개인화 NP
2025-11-12 14:17:06,222 [INFO] 평가 결과 집계 시작
2025-11-12 14:17:06,223 [INFO] 실험 완료: 모델 VAECF, 모드 I_DIV, 개인화 NP
2025-11-12 14:17:06,223 [INFO] --- 스윕 실행 시작: VAECF | I_DIV | NP | λ=0.3 ---
2025-11-12 14:17:06,224 [INFO] 실험 시작: 모델 VAECF, 모드 I_DIV, 개인화 NP
2025-11-12 14:17:17,378 [INFO] 평가 결과 집계 시작
2025-11-12 14:17:17,379 [INFO] 실험 완료: 모델 VAECF, 모드 I_DIV, 개인화 NP
2025-11-12 14:17:17,379 [INFO] --- 스윕 실행 시작: VAECF | I_DIV | NP | λ=0.4 ---
2025-11-12 14:17:17,379 [INFO] 실험 시작: 모델 VAECF, 모드 I_DIV, 개인화 NP
2025-11-12 14:17:28,545 [INFO] 평가 결과 집계 시작
2025-11-12 14:17:28,546 [INFO] 실험 완료: 모델 VAECF, 모드 I_DIV, 개인화 NP
2025-11-12 14:17:28,546 [INFO] --- 스윕 실행 시작: VAECF | I_DIV | NP | λ=0.5 ---
2025-11-12 14:17:28,546 [INFO] 실험 시작: 모델 VAECF, 모드 I_DIV, 개인화 NP
2025-11-12 14:17:39,787 [INFO] 평가 결과 집계 시작
2025-11-12 14:17:39,788 [INFO] 실험 완료: 모델 VAECF, 모드 I_DIV, 개인화 NP
2025-11-12 14:17:39,788 [INFO] --- 스윕 실행 시작: VAECF | I_DIV | NP | λ=0.6 ---
2025-11-12 14:17:39,788 [INFO] 실험 시작: 모델 VAECF, 모드 I_DIV, 개인화 NP
2025-11-12 14:17:51,186 [INFO] 평가 결과 집계 시작
2025-11-12 14:17:51,187 [INFO] 실험 완료: 모델 VAECF, 모드 I_DIV, 개인화 NP
2025-11-12 14:17:51,187 [INFO] --- 스윕 실행 시작: VAECF | I_DIV | NP | λ=0.7 ---
2025-11-12 14:17:51,187 [INFO] 실험 시작: 모델 VAECF, 모드 I_DIV, 개인화 NP
2025-11-12 14:18:02,558 [INFO] 평가 결과 집계 시작
2025-11-12 14:18:02,559 [INFO] 실험 완료: 모델 VAECF, 모드 I_DIV, 개인화 NP
2025-11-12 14:18:02,559 [INFO] --- 스윕 실행 시작: VAECF | I_DIV | NP | λ=0.8 ---
2025-11-12 14:18:02,559 [INFO] 실험 시작: 모델 VAECF, 모드 I_DIV, 개인화 NP
2025-11-12 14:18:14,184 [INFO] 평가 결과 집계 시작
2025-11-12 14:18:14,186 [INFO] 실험 완료: 모델 VAECF, 모드 I_DIV, 개인화 NP
2025-11-12 14:18:14,186 [INFO] --- 스윕 실행 시작: VAECF | I_DIV | NP | λ=0.9 ---
2025-11-12 14:18:14,186 [INFO] 실험 시작: 모델 VAECF, 모드 I_DIV, 개인화 NP
2025-11-12 14:18:25,792 [INFO] 평가 결과 집계 시작
2025-11-12 14:18:25,794 [INFO] 실험 완료: 모델 VAECF, 모드 I_DIV, 개인화 NP
2025-11-12 14:18:25,794 [INFO] --- 스윕 실행 시작: VAECF | A_DIV | NP | λ=0.1 ---
2025-11-12 14:18:25,794 [INFO] 실험 시작: 모델 VAECF, 모드 A_DIV, 개인화 NP
2025-11-12 14:18:38,222 [INFO] 평가 결과 집계 시작
2025-11-12 14:18:38,223 [INFO] 실험 완료: 모델 VAECF, 모드 A_DIV, 개인화 NP
2025-11-12 14:18:38,223 [INFO] --- 스윕 실행 시작: VAECF | A_DIV | NP | λ=0.2 ---
2025-11-12 14:18:38,223 [INFO] 실험 시작: 모델 VAECF, 모드 A_DIV, 개인화 NP
2025-11-12 14:18:50,601 [INFO] 평가 결과 집계 시작
2025-11-12 14:18:50,602 [INFO] 실험 완료: 모델 VAECF, 모드 A_DIV, 개인화 NP
2025-11-12 14:18:50,602 [INFO] --- 스윕 실행 시작: VAECF | A_DIV | NP | λ=0.3 ---
2025-11-12 14:18:50,602 [INFO] 실험 시작: 모델 VAECF, 모드 A_DIV, 개인화 NP
2025-11-12 14:19:02,935 [INFO] 평가 결과 집계 시작
2025-11-12 14:19:02,937 [INFO] 실험 완료: 모델 VAECF, 모드 A_DIV, 개인화 NP
2025-11-12 14:19:02,937 [INFO] --- 스윕 실행 시작: VAECF | A_DIV | NP | λ=0.4 ---
2025-11-12 14:19:02,937 [INFO] 실험 시작: 모델 VAECF, 모드 A_DIV, 개인화 NP
2025-11-12 14:19:15,215 [INFO] 평가 결과 집계 시작
2025-11-12 14:19:15,216 [INFO] 실험 완료: 모델 VAECF, 모드 A_DIV, 개인화 NP
2025-11-12 14:19:15,216 [INFO] --- 스윕 실행 시작: VAECF | A_DIV | NP | λ=0.5 ---
2025-11-12 14:19:15,216 [INFO] 실험 시작: 모델 VAECF, 모드 A_DIV, 개인화 NP
2025-11-12 14:19:27,514 [INFO] 평가 결과 집계 시작
2025-11-12 14:19:27,515 [INFO] 실험 완료: 모델 VAECF, 모드 A_DIV, 개인화 NP
2025-11-12 14:19:27,515 [INFO] --- 스윕 실행 시작: VAECF | A_DIV | NP | λ=0.6 ---
2025-11-12 14:19:27,515 [INFO] 실험 시작: 모델 VAECF, 모드 A_DIV, 개인화 NP
2025-11-12 14:19:40,101 [INFO] 평가 결과 집계 시작
2025-11-12 14:19:40,103 [INFO] 실험 완료: 모델 VAECF, 모드 A_DIV, 개인화 NP
2025-11-12 14:19:40,103 [INFO] --- 스윕 실행 시작: VAECF | A_DIV | NP | λ=0.7 ---
2025-11-12 14:19:40,103 [INFO] 실험 시작: 모델 VAECF, 모드 A_DIV, 개인화 NP
2025-11-12 14:19:52,438 [INFO] 평가 결과 집계 시작
2025-11-12 14:19:52,439 [INFO] 실험 완료: 모델 VAECF, 모드 A_DIV, 개인화 NP
2025-11-12 14:19:52,439 [INFO] --- 스윕 실행 시작: VAECF | A_DIV | NP | λ=0.8 ---
2025-11-12 14:19:52,439 [INFO] 실험 시작: 모델 VAECF, 모드 A_DIV, 개인화 NP
2025-11-12 14:20:04,773 [INFO] 평가 결과 집계 시작
2025-11-12 14:20:04,774 [INFO] 실험 완료: 모델 VAECF, 모드 A_DIV, 개인화 NP
2025-11-12 14:20:04,775 [INFO] --- 스윕 실행 시작: VAECF | A_DIV | NP | λ=0.9 ---
2025-11-12 14:20:04,775 [INFO] 실험 시작: 모델 VAECF, 모드 A_DIV, 개인화 NP
2025-11-12 14:20:17,194 [INFO] 평가 결과 집계 시작
2025-11-12 14:20:17,195 [INFO] 실험 완료: 모델 VAECF, 모드 A_DIV, 개인화 NP
2025-11-12 14:20:17,195 [INFO] --- 스윕 실행 시작: VAECF | I_DIV+A_DIV | NP | λ=0.1 ---
2025-11-12 14:20:17,195 [INFO] 실험 시작: 모델 VAECF, 모드 I_DIV+A_DIV, 개인화 NP
2025-11-12 14:20:38,773 [INFO] 평가 결과 집계 시작
2025-11-12 14:20:38,774 [INFO] 실험 완료: 모델 VAECF, 모드 I_DIV+A_DIV, 개인화 NP
2025-11-12 14:20:38,774 [INFO] --- 스윕 실행 시작: VAECF | I_DIV+A_DIV | NP | λ=0.2 ---
2025-11-12 14:20:38,774 [INFO] 실험 시작: 모델 VAECF, 모드 I_DIV+A_DIV, 개인화 NP
2025-11-12 14:21:00,127 [INFO] 평가 결과 집계 시작
2025-11-12 14:21:00,128 [INFO] 실험 완료: 모델 VAECF, 모드 I_DIV+A_DIV, 개인화 NP
2025-11-12 14:21:00,128 [INFO] --- 스윕 실행 시작: VAECF | I_DIV+A_DIV | NP | λ=0.3 ---
2025-11-12 14:21:00,128 [INFO] 실험 시작: 모델 VAECF, 모드 I_DIV+A_DIV, 개인화 NP
2025-11-12 14:21:21,570 [INFO] 평가 결과 집계 시작
2025-11-12 14:21:21,571 [INFO] 실험 완료: 모델 VAECF, 모드 I_DIV+A_DIV, 개인화 NP
2025-11-12 14:21:21,572 [INFO] --- 스윕 실행 시작: VAECF | I_DIV+A_DIV | NP | λ=0.4 ---
2025-11-12 14:21:21,572 [INFO] 실험 시작: 모델 VAECF, 모드 I_DIV+A_DIV, 개인화 NP
2025-11-12 14:21:43,184 [INFO] 평가 결과 집계 시작
2025-11-12 14:21:43,185 [INFO] 실험 완료: 모델 VAECF, 모드 I_DIV+A_DIV, 개인화 NP
2025-11-12 14:21:43,186 [INFO] --- 스윕 실행 시작: VAECF | I_DIV+A_DIV | NP | λ=0.5 ---
2025-11-12 14:21:43,186 [INFO] 실험 시작: 모델 VAECF, 모드 I_DIV+A_DIV, 개인화 NP
2025-11-12 14:22:04,981 [INFO] 평가 결과 집계 시작
2025-11-12 14:22:04,982 [INFO] 실험 완료: 모델 VAECF, 모드 I_DIV+A_DIV, 개인화 NP
2025-11-12 14:22:04,982 [INFO] --- 스윕 실행 시작: VAECF | I_DIV+A_DIV | NP | λ=0.6 ---
2025-11-12 14:22:04,982 [INFO] 실험 시작: 모델 VAECF, 모드 I_DIV+A_DIV, 개인화 NP
2025-11-12 14:22:26,665 [INFO] 평가 결과 집계 시작
2025-11-12 14:22:26,666 [INFO] 실험 완료: 모델 VAECF, 모드 I_DIV+A_DIV, 개인화 NP
2025-11-12 14:22:26,666 [INFO] --- 스윕 실행 시작: VAECF | I_DIV+A_DIV | NP | λ=0.7 ---
2025-11-12 14:22:26,666 [INFO] 실험 시작: 모델 VAECF, 모드 I_DIV+A_DIV, 개인화 NP
2025-11-12 14:22:48,539 [INFO] 평가 결과 집계 시작
2025-11-12 14:22:48,541 [INFO] 실험 완료: 모델 VAECF, 모드 I_DIV+A_DIV, 개인화 NP
2025-11-12 14:22:48,541 [INFO] --- 스윕 실행 시작: VAECF | I_DIV+A_DIV | NP | λ=0.8 ---
2025-11-12 14:22:48,541 [INFO] 실험 시작: 모델 VAECF, 모드 I_DIV+A_DIV, 개인화 NP
2025-11-12 14:23:10,813 [INFO] 평가 결과 집계 시작
2025-11-12 14:23:10,814 [INFO] 실험 완료: 모델 VAECF, 모드 I_DIV+A_DIV, 개인화 NP
2025-11-12 14:23:10,815 [INFO] --- 스윕 실행 시작: VAECF | I_DIV+A_DIV | NP | λ=0.9 ---
2025-11-12 14:23:10,815 [INFO] 실험 시작: 모델 VAECF, 모드 I_DIV+A_DIV, 개인화 NP
2025-11-12 14:23:32,822 [INFO] 평가 결과 집계 시작
2025-11-12 14:23:32,823 [INFO] 실험 완료: 모델 VAECF, 모드 I_DIV+A_DIV, 개인화 NP
2025-11-12 14:23:32,824 [INFO] --- 스윕 실행 시작: NeuMF | I_DIV | P | λ=0.1 ---
2025-11-12 14:23:32,824 [INFO] 실험 시작: 모델 NeuMF, 모드 I_DIV, 개인화 P
2025-11-12 14:23:51,038 [INFO] 평가 결과 집계 시작
2025-11-12 14:23:51,039 [INFO] 실험 완료: 모델 NeuMF, 모드 I_DIV, 개인화 P
2025-11-12 14:23:51,040 [INFO] --- 스윕 실행 시작: NeuMF | I_DIV | P | λ=0.2 ---
2025-11-12 14:23:51,040 [INFO] 실험 시작: 모델 NeuMF, 모드 I_DIV, 개인화 P
2025-11-12 14:24:09,298 [INFO] 평가 결과 집계 시작
2025-11-12 14:24:09,299 [INFO] 실험 완료: 모델 NeuMF, 모드 I_DIV, 개인화 P
2025-11-12 14:24:09,299 [INFO] --- 스윕 실행 시작: NeuMF | I_DIV | P | λ=0.3 ---
2025-11-12 14:24:09,299 [INFO] 실험 시작: 모델 NeuMF, 모드 I_DIV, 개인화 P
2025-11-12 14:24:27,897 [INFO] 평가 결과 집계 시작
2025-11-12 14:24:27,898 [INFO] 실험 완료: 모델 NeuMF, 모드 I_DIV, 개인화 P
2025-11-12 14:24:27,899 [INFO] --- 스윕 실행 시작: NeuMF | I_DIV | P | λ=0.4 ---
2025-11-12 14:24:27,899 [INFO] 실험 시작: 모델 NeuMF, 모드 I_DIV, 개인화 P
2025-11-12 14:24:46,288 [INFO] 평가 결과 집계 시작
2025-11-12 14:24:46,289 [INFO] 실험 완료: 모델 NeuMF, 모드 I_DIV, 개인화 P
2025-11-12 14:24:46,289 [INFO] --- 스윕 실행 시작: NeuMF | I_DIV | P | λ=0.5 ---
2025-11-12 14:24:46,289 [INFO] 실험 시작: 모델 NeuMF, 모드 I_DIV, 개인화 P
2025-11-12 14:25:04,591 [INFO] 평가 결과 집계 시작
2025-11-12 14:25:04,592 [INFO] 실험 완료: 모델 NeuMF, 모드 I_DIV, 개인화 P
2025-11-12 14:25:04,592 [INFO] --- 스윕 실행 시작: NeuMF | I_DIV | P | λ=0.6 ---
2025-11-12 14:25:04,592 [INFO] 실험 시작: 모델 NeuMF, 모드 I_DIV, 개인화 P
2025-11-12 14:25:23,119 [INFO] 평가 결과 집계 시작
2025-11-12 14:25:23,120 [INFO] 실험 완료: 모델 NeuMF, 모드 I_DIV, 개인화 P
2025-11-12 14:25:23,121 [INFO] --- 스윕 실행 시작: NeuMF | I_DIV | P | λ=0.7 ---
2025-11-12 14:25:23,121 [INFO] 실험 시작: 모델 NeuMF, 모드 I_DIV, 개인화 P
2025-11-12 14:25:41,697 [INFO] 평가 결과 집계 시작
2025-11-12 14:25:41,698 [INFO] 실험 완료: 모델 NeuMF, 모드 I_DIV, 개인화 P
2025-11-12 14:25:41,698 [INFO] --- 스윕 실행 시작: NeuMF | I_DIV | P | λ=0.8 ---
2025-11-12 14:25:41,698 [INFO] 실험 시작: 모델 NeuMF, 모드 I_DIV, 개인화 P
2025-11-12 14:26:00,368 [INFO] 평가 결과 집계 시작
2025-11-12 14:26:00,369 [INFO] 실험 완료: 모델 NeuMF, 모드 I_DIV, 개인화 P
2025-11-12 14:26:00,369 [INFO] --- 스윕 실행 시작: NeuMF | I_DIV | P | λ=0.9 ---
2025-11-12 14:26:00,369 [INFO] 실험 시작: 모델 NeuMF, 모드 I_DIV, 개인화 P
2025-11-12 14:26:19,153 [INFO] 평가 결과 집계 시작
2025-11-12 14:26:19,154 [INFO] 실험 완료: 모델 NeuMF, 모드 I_DIV, 개인화 P
2025-11-12 14:26:19,154 [INFO] --- 스윕 실행 시작: NeuMF | A_DIV | P | λ=0.1 ---
2025-11-12 14:26:19,154 [INFO] 실험 시작: 모델 NeuMF, 모드 A_DIV, 개인화 P
2025-11-12 14:26:38,769 [INFO] 평가 결과 집계 시작
2025-11-12 14:26:38,770 [INFO] 실험 완료: 모델 NeuMF, 모드 A_DIV, 개인화 P
2025-11-12 14:26:38,770 [INFO] --- 스윕 실행 시작: NeuMF | A_DIV | P | λ=0.2 ---
2025-11-12 14:26:38,770 [INFO] 실험 시작: 모델 NeuMF, 모드 A_DIV, 개인화 P
2025-11-12 14:26:58,409 [INFO] 평가 결과 집계 시작
2025-11-12 14:26:58,410 [INFO] 실험 완료: 모델 NeuMF, 모드 A_DIV, 개인화 P
2025-11-12 14:26:58,410 [INFO] --- 스윕 실행 시작: NeuMF | A_DIV | P | λ=0.3 ---
2025-11-12 14:26:58,410 [INFO] 실험 시작: 모델 NeuMF, 모드 A_DIV, 개인화 P
2025-11-12 14:27:18,012 [INFO] 평가 결과 집계 시작
2025-11-12 14:27:18,014 [INFO] 실험 완료: 모델 NeuMF, 모드 A_DIV, 개인화 P
2025-11-12 14:27:18,014 [INFO] --- 스윕 실행 시작: NeuMF | A_DIV | P | λ=0.4 ---
2025-11-12 14:27:18,015 [INFO] 실험 시작: 모델 NeuMF, 모드 A_DIV, 개인화 P
2025-11-12 14:27:37,651 [INFO] 평가 결과 집계 시작
2025-11-12 14:27:37,652 [INFO] 실험 완료: 모델 NeuMF, 모드 A_DIV, 개인화 P
2025-11-12 14:27:37,653 [INFO] --- 스윕 실행 시작: NeuMF | A_DIV | P | λ=0.5 ---
2025-11-12 14:27:37,653 [INFO] 실험 시작: 모델 NeuMF, 모드 A_DIV, 개인화 P
2025-11-12 14:27:57,218 [INFO] 평가 결과 집계 시작
2025-11-12 14:27:57,219 [INFO] 실험 완료: 모델 NeuMF, 모드 A_DIV, 개인화 P
2025-11-12 14:27:57,219 [INFO] --- 스윕 실행 시작: NeuMF | A_DIV | P | λ=0.6 ---
2025-11-12 14:27:57,219 [INFO] 실험 시작: 모델 NeuMF, 모드 A_DIV, 개인화 P
2025-11-12 14:28:16,887 [INFO] 평가 결과 집계 시작
2025-11-12 14:28:16,888 [INFO] 실험 완료: 모델 NeuMF, 모드 A_DIV, 개인화 P
2025-11-12 14:28:16,889 [INFO] --- 스윕 실행 시작: NeuMF | A_DIV | P | λ=0.7 ---
2025-11-12 14:28:16,889 [INFO] 실험 시작: 모델 NeuMF, 모드 A_DIV, 개인화 P
2025-11-12 14:28:36,824 [INFO] 평가 결과 집계 시작
2025-11-12 14:28:36,826 [INFO] 실험 완료: 모델 NeuMF, 모드 A_DIV, 개인화 P
2025-11-12 14:28:36,826 [INFO] --- 스윕 실행 시작: NeuMF | A_DIV | P | λ=0.8 ---
2025-11-12 14:28:36,826 [INFO] 실험 시작: 모델 NeuMF, 모드 A_DIV, 개인화 P
2025-11-12 14:28:56,056 [INFO] 평가 결과 집계 시작
2025-11-12 14:28:56,056 [INFO] 실험 완료: 모델 NeuMF, 모드 A_DIV, 개인화 P
2025-11-12 14:28:56,057 [INFO] --- 스윕 실행 시작: NeuMF | A_DIV | P | λ=0.9 ---
2025-11-12 14:28:56,057 [INFO] 실험 시작: 모델 NeuMF, 모드 A_DIV, 개인화 P
2025-11-12 14:29:15,252 [INFO] 평가 결과 집계 시작
2025-11-12 14:29:15,253 [INFO] 실험 완료: 모델 NeuMF, 모드 A_DIV, 개인화 P
2025-11-12 14:29:15,253 [INFO] --- 스윕 실행 시작: NeuMF | I_DIV+A_DIV | P | λ=0.1 ---
2025-11-12 14:29:15,253 [INFO] 실험 시작: 모델 NeuMF, 모드 I_DIV+A_DIV, 개인화 P
2025-11-12 14:29:43,930 [INFO] 평가 결과 집계 시작
2025-11-12 14:29:43,931 [INFO] 실험 완료: 모델 NeuMF, 모드 I_DIV+A_DIV, 개인화 P
2025-11-12 14:29:43,931 [INFO] --- 스윕 실행 시작: NeuMF | I_DIV+A_DIV | P | λ=0.2 ---
2025-11-12 14:29:43,931 [INFO] 실험 시작: 모델 NeuMF, 모드 I_DIV+A_DIV, 개인화 P
2025-11-12 14:30:12,586 [INFO] 평가 결과 집계 시작
2025-11-12 14:30:12,587 [INFO] 실험 완료: 모델 NeuMF, 모드 I_DIV+A_DIV, 개인화 P
2025-11-12 14:30:12,588 [INFO] --- 스윕 실행 시작: NeuMF | I_DIV+A_DIV | P | λ=0.3 ---
2025-11-12 14:30:12,588 [INFO] 실험 시작: 모델 NeuMF, 모드 I_DIV+A_DIV, 개인화 P
2025-11-12 14:30:41,272 [INFO] 평가 결과 집계 시작
2025-11-12 14:30:41,273 [INFO] 실험 완료: 모델 NeuMF, 모드 I_DIV+A_DIV, 개인화 P
2025-11-12 14:30:41,273 [INFO] --- 스윕 실행 시작: NeuMF | I_DIV+A_DIV | P | λ=0.4 ---
2025-11-12 14:30:41,273 [INFO] 실험 시작: 모델 NeuMF, 모드 I_DIV+A_DIV, 개인화 P
2025-11-12 14:31:12,451 [INFO] 평가 결과 집계 시작
2025-11-12 14:31:12,453 [INFO] 실험 완료: 모델 NeuMF, 모드 I_DIV+A_DIV, 개인화 P
2025-11-12 14:31:12,453 [INFO] --- 스윕 실행 시작: NeuMF | I_DIV+A_DIV | P | λ=0.5 ---
2025-11-12 14:31:12,453 [INFO] 실험 시작: 모델 NeuMF, 모드 I_DIV+A_DIV, 개인화 P
2025-11-12 14:31:41,975 [INFO] 평가 결과 집계 시작
2025-11-12 14:31:41,977 [INFO] 실험 완료: 모델 NeuMF, 모드 I_DIV+A_DIV, 개인화 P
2025-11-12 14:31:41,978 [INFO] --- 스윕 실행 시작: NeuMF | I_DIV+A_DIV | P | λ=0.6 ---
2025-11-12 14:31:41,978 [INFO] 실험 시작: 모델 NeuMF, 모드 I_DIV+A_DIV, 개인화 P
2025-11-12 14:32:10,770 [INFO] 평가 결과 집계 시작
2025-11-12 14:32:10,771 [INFO] 실험 완료: 모델 NeuMF, 모드 I_DIV+A_DIV, 개인화 P
2025-11-12 14:32:10,771 [INFO] --- 스윕 실행 시작: NeuMF | I_DIV+A_DIV | P | λ=0.7 ---
2025-11-12 14:32:10,771 [INFO] 실험 시작: 모델 NeuMF, 모드 I_DIV+A_DIV, 개인화 P
2025-11-12 14:32:39,662 [INFO] 평가 결과 집계 시작
2025-11-12 14:32:39,663 [INFO] 실험 완료: 모델 NeuMF, 모드 I_DIV+A_DIV, 개인화 P
2025-11-12 14:32:39,663 [INFO] --- 스윕 실행 시작: NeuMF | I_DIV+A_DIV | P | λ=0.8 ---
2025-11-12 14:32:39,663 [INFO] 실험 시작: 모델 NeuMF, 모드 I_DIV+A_DIV, 개인화 P
2025-11-12 14:33:08,623 [INFO] 평가 결과 집계 시작
2025-11-12 14:33:08,624 [INFO] 실험 완료: 모델 NeuMF, 모드 I_DIV+A_DIV, 개인화 P
2025-11-12 14:33:08,625 [INFO] --- 스윕 실행 시작: NeuMF | I_DIV+A_DIV | P | λ=0.9 ---
2025-11-12 14:33:08,625 [INFO] 실험 시작: 모델 NeuMF, 모드 I_DIV+A_DIV, 개인화 P
2025-11-12 14:33:37,657 [INFO] 평가 결과 집계 시작
2025-11-12 14:33:37,659 [INFO] 실험 완료: 모델 NeuMF, 모드 I_DIV+A_DIV, 개인화 P
2025-11-12 14:33:37,659 [INFO] --- 스윕 실행 시작: NeuMF | I_DIV | NP | λ=0.1 ---
2025-11-12 14:33:37,659 [INFO] 실험 시작: 모델 NeuMF, 모드 I_DIV, 개인화 NP
2025-11-12 14:33:55,591 [INFO] 평가 결과 집계 시작
2025-11-12 14:33:55,592 [INFO] 실험 완료: 모델 NeuMF, 모드 I_DIV, 개인화 NP
2025-11-12 14:33:55,592 [INFO] --- 스윕 실행 시작: NeuMF | I_DIV | NP | λ=0.2 ---
2025-11-12 14:33:55,592 [INFO] 실험 시작: 모델 NeuMF, 모드 I_DIV, 개인화 NP
2025-11-12 14:34:13,549 [INFO] 평가 결과 집계 시작
2025-11-12 14:34:13,550 [INFO] 실험 완료: 모델 NeuMF, 모드 I_DIV, 개인화 NP
2025-11-12 14:34:13,551 [INFO] --- 스윕 실행 시작: NeuMF | I_DIV | NP | λ=0.3 ---
2025-11-12 14:34:13,551 [INFO] 실험 시작: 모델 NeuMF, 모드 I_DIV, 개인화 NP
2025-11-12 14:34:31,826 [INFO] 평가 결과 집계 시작
2025-11-12 14:34:31,827 [INFO] 실험 완료: 모델 NeuMF, 모드 I_DIV, 개인화 NP
2025-11-12 14:34:31,827 [INFO] --- 스윕 실행 시작: NeuMF | I_DIV | NP | λ=0.4 ---
2025-11-12 14:34:31,827 [INFO] 실험 시작: 모델 NeuMF, 모드 I_DIV, 개인화 NP
2025-11-12 14:34:50,665 [INFO] 평가 결과 집계 시작
2025-11-12 14:34:50,666 [INFO] 실험 완료: 모델 NeuMF, 모드 I_DIV, 개인화 NP
2025-11-12 14:34:50,667 [INFO] --- 스윕 실행 시작: NeuMF | I_DIV | NP | λ=0.5 ---
2025-11-12 14:34:50,667 [INFO] 실험 시작: 모델 NeuMF, 모드 I_DIV, 개인화 NP
2025-11-12 14:35:09,134 [INFO] 평가 결과 집계 시작
2025-11-12 14:35:09,135 [INFO] 실험 완료: 모델 NeuMF, 모드 I_DIV, 개인화 NP
2025-11-12 14:35:09,136 [INFO] --- 스윕 실행 시작: NeuMF | I_DIV | NP | λ=0.6 ---
2025-11-12 14:35:09,136 [INFO] 실험 시작: 모델 NeuMF, 모드 I_DIV, 개인화 NP
2025-11-12 14:35:27,921 [INFO] 평가 결과 집계 시작
2025-11-12 14:35:27,922 [INFO] 실험 완료: 모델 NeuMF, 모드 I_DIV, 개인화 NP
2025-11-12 14:35:27,922 [INFO] --- 스윕 실행 시작: NeuMF | I_DIV | NP | λ=0.7 ---
2025-11-12 14:35:27,922 [INFO] 실험 시작: 모델 NeuMF, 모드 I_DIV, 개인화 NP
2025-11-12 14:35:47,096 [INFO] 평가 결과 집계 시작
2025-11-12 14:35:47,098 [INFO] 실험 완료: 모델 NeuMF, 모드 I_DIV, 개인화 NP
2025-11-12 14:35:47,098 [INFO] --- 스윕 실행 시작: NeuMF | I_DIV | NP | λ=0.8 ---
2025-11-12 14:35:47,098 [INFO] 실험 시작: 모델 NeuMF, 모드 I_DIV, 개인화 NP
2025-11-12 14:36:06,019 [INFO] 평가 결과 집계 시작
2025-11-12 14:36:06,020 [INFO] 실험 완료: 모델 NeuMF, 모드 I_DIV, 개인화 NP
2025-11-12 14:36:06,020 [INFO] --- 스윕 실행 시작: NeuMF | I_DIV | NP | λ=0.9 ---
2025-11-12 14:36:06,020 [INFO] 실험 시작: 모델 NeuMF, 모드 I_DIV, 개인화 NP
2025-11-12 14:36:24,747 [INFO] 평가 결과 집계 시작
2025-11-12 14:36:24,748 [INFO] 실험 완료: 모델 NeuMF, 모드 I_DIV, 개인화 NP
2025-11-12 14:36:24,749 [INFO] --- 스윕 실행 시작: NeuMF | A_DIV | NP | λ=0.1 ---
2025-11-12 14:36:24,749 [INFO] 실험 시작: 모델 NeuMF, 모드 A_DIV, 개인화 NP
2025-11-12 14:36:44,430 [INFO] 평가 결과 집계 시작
2025-11-12 14:36:44,431 [INFO] 실험 완료: 모델 NeuMF, 모드 A_DIV, 개인화 NP
2025-11-12 14:36:44,432 [INFO] --- 스윕 실행 시작: NeuMF | A_DIV | NP | λ=0.2 ---
2025-11-12 14:36:44,432 [INFO] 실험 시작: 모델 NeuMF, 모드 A_DIV, 개인화 NP
2025-11-12 14:37:04,000 [INFO] 평가 결과 집계 시작
2025-11-12 14:37:04,001 [INFO] 실험 완료: 모델 NeuMF, 모드 A_DIV, 개인화 NP
2025-11-12 14:37:04,001 [INFO] --- 스윕 실행 시작: NeuMF | A_DIV | NP | λ=0.3 ---
2025-11-12 14:37:04,001 [INFO] 실험 시작: 모델 NeuMF, 모드 A_DIV, 개인화 NP
2025-11-12 14:37:23,622 [INFO] 평가 결과 집계 시작
2025-11-12 14:37:23,623 [INFO] 실험 완료: 모델 NeuMF, 모드 A_DIV, 개인화 NP
2025-11-12 14:37:23,623 [INFO] --- 스윕 실행 시작: NeuMF | A_DIV | NP | λ=0.4 ---
2025-11-12 14:37:23,623 [INFO] 실험 시작: 모델 NeuMF, 모드 A_DIV, 개인화 NP
2025-11-12 14:37:43,110 [INFO] 평가 결과 집계 시작
2025-11-12 14:37:43,112 [INFO] 실험 완료: 모델 NeuMF, 모드 A_DIV, 개인화 NP
2025-11-12 14:37:43,112 [INFO] --- 스윕 실행 시작: NeuMF | A_DIV | NP | λ=0.5 ---
2025-11-12 14:37:43,112 [INFO] 실험 시작: 모델 NeuMF, 모드 A_DIV, 개인화 NP
2025-11-12 14:38:02,261 [INFO] 평가 결과 집계 시작
2025-11-12 14:38:02,262 [INFO] 실험 완료: 모델 NeuMF, 모드 A_DIV, 개인화 NP
2025-11-12 14:38:02,262 [INFO] --- 스윕 실행 시작: NeuMF | A_DIV | NP | λ=0.6 ---
2025-11-12 14:38:02,262 [INFO] 실험 시작: 모델 NeuMF, 모드 A_DIV, 개인화 NP
2025-11-12 14:38:21,412 [INFO] 평가 결과 집계 시작
2025-11-12 14:38:21,413 [INFO] 실험 완료: 모델 NeuMF, 모드 A_DIV, 개인화 NP
2025-11-12 14:38:21,413 [INFO] --- 스윕 실행 시작: NeuMF | A_DIV | NP | λ=0.7 ---
2025-11-12 14:38:21,413 [INFO] 실험 시작: 모델 NeuMF, 모드 A_DIV, 개인화 NP
2025-11-12 14:38:40,516 [INFO] 평가 결과 집계 시작
2025-11-12 14:38:40,517 [INFO] 실험 완료: 모델 NeuMF, 모드 A_DIV, 개인화 NP
2025-11-12 14:38:40,517 [INFO] --- 스윕 실행 시작: NeuMF | A_DIV | NP | λ=0.8 ---
2025-11-12 14:38:40,517 [INFO] 실험 시작: 모델 NeuMF, 모드 A_DIV, 개인화 NP
2025-11-12 14:38:59,552 [INFO] 평가 결과 집계 시작
2025-11-12 14:38:59,553 [INFO] 실험 완료: 모델 NeuMF, 모드 A_DIV, 개인화 NP
2025-11-12 14:38:59,553 [INFO] --- 스윕 실행 시작: NeuMF | A_DIV | NP | λ=0.9 ---
2025-11-12 14:38:59,553 [INFO] 실험 시작: 모델 NeuMF, 모드 A_DIV, 개인화 NP
2025-11-12 14:39:18,606 [INFO] 평가 결과 집계 시작
2025-11-12 14:39:18,606 [INFO] 실험 완료: 모델 NeuMF, 모드 A_DIV, 개인화 NP
2025-11-12 14:39:18,607 [INFO] --- 스윕 실행 시작: NeuMF | I_DIV+A_DIV | NP | λ=0.1 ---
2025-11-12 14:39:18,607 [INFO] 실험 시작: 모델 NeuMF, 모드 I_DIV+A_DIV, 개인화 NP
2025-11-12 14:39:46,653 [INFO] 평가 결과 집계 시작
2025-11-12 14:39:46,654 [INFO] 실험 완료: 모델 NeuMF, 모드 I_DIV+A_DIV, 개인화 NP
2025-11-12 14:39:46,655 [INFO] --- 스윕 실행 시작: NeuMF | I_DIV+A_DIV | NP | λ=0.2 ---
2025-11-12 14:39:46,655 [INFO] 실험 시작: 모델 NeuMF, 모드 I_DIV+A_DIV, 개인화 NP
2025-11-12 14:40:14,748 [INFO] 평가 결과 집계 시작
2025-11-12 14:40:14,749 [INFO] 실험 완료: 모델 NeuMF, 모드 I_DIV+A_DIV, 개인화 NP
2025-11-12 14:40:14,750 [INFO] --- 스윕 실행 시작: NeuMF | I_DIV+A_DIV | NP | λ=0.3 ---
2025-11-12 14:40:14,750 [INFO] 실험 시작: 모델 NeuMF, 모드 I_DIV+A_DIV, 개인화 NP
2025-11-12 14:40:42,823 [INFO] 평가 결과 집계 시작
2025-11-12 14:40:42,823 [INFO] 실험 완료: 모델 NeuMF, 모드 I_DIV+A_DIV, 개인화 NP
2025-11-12 14:40:42,824 [INFO] --- 스윕 실행 시작: NeuMF | I_DIV+A_DIV | NP | λ=0.4 ---
2025-11-12 14:40:42,824 [INFO] 실험 시작: 모델 NeuMF, 모드 I_DIV+A_DIV, 개인화 NP
2025-11-12 14:41:10,913 [INFO] 평가 결과 집계 시작
2025-11-12 14:41:10,913 [INFO] 실험 완료: 모델 NeuMF, 모드 I_DIV+A_DIV, 개인화 NP
2025-11-12 14:41:10,914 [INFO] --- 스윕 실행 시작: NeuMF | I_DIV+A_DIV | NP | λ=0.5 ---
2025-11-12 14:41:10,914 [INFO] 실험 시작: 모델 NeuMF, 모드 I_DIV+A_DIV, 개인화 NP
2025-11-12 14:41:39,023 [INFO] 평가 결과 집계 시작
2025-11-12 14:41:39,024 [INFO] 실험 완료: 모델 NeuMF, 모드 I_DIV+A_DIV, 개인화 NP
2025-11-12 14:41:39,024 [INFO] --- 스윕 실행 시작: NeuMF | I_DIV+A_DIV | NP | λ=0.6 ---
2025-11-12 14:41:39,024 [INFO] 실험 시작: 모델 NeuMF, 모드 I_DIV+A_DIV, 개인화 NP
2025-11-12 14:42:07,154 [INFO] 평가 결과 집계 시작
2025-11-12 14:42:07,154 [INFO] 실험 완료: 모델 NeuMF, 모드 I_DIV+A_DIV, 개인화 NP
2025-11-12 14:42:07,155 [INFO] --- 스윕 실행 시작: NeuMF | I_DIV+A_DIV | NP | λ=0.7 ---
2025-11-12 14:42:07,155 [INFO] 실험 시작: 모델 NeuMF, 모드 I_DIV+A_DIV, 개인화 NP
2025-11-12 14:42:35,367 [INFO] 평가 결과 집계 시작
2025-11-12 14:42:35,368 [INFO] 실험 완료: 모델 NeuMF, 모드 I_DIV+A_DIV, 개인화 NP
2025-11-12 14:42:35,368 [INFO] --- 스윕 실행 시작: NeuMF | I_DIV+A_DIV | NP | λ=0.8 ---
2025-11-12 14:42:35,368 [INFO] 실험 시작: 모델 NeuMF, 모드 I_DIV+A_DIV, 개인화 NP
2025-11-12 14:43:04,038 [INFO] 평가 결과 집계 시작
2025-11-12 14:43:04,040 [INFO] 실험 완료: 모델 NeuMF, 모드 I_DIV+A_DIV, 개인화 NP
2025-11-12 14:43:04,040 [INFO] --- 스윕 실행 시작: NeuMF | I_DIV+A_DIV | NP | λ=0.9 ---
2025-11-12 14:43:04,040 [INFO] 실험 시작: 모델 NeuMF, 모드 I_DIV+A_DIV, 개인화 NP
2025-11-12 14:43:32,634 [INFO] 평가 결과 집계 시작
2025-11-12 14:43:32,636 [INFO] 실험 완료: 모델 NeuMF, 모드 I_DIV+A_DIV, 개인화 NP
2025-11-12 14:43:32,659 [INFO] 
✅ 람다 스윕 결과 저장 완료: results/book_crossing/20251112_book_crossing_parameter_sweep_results.csv
2025-11-12 14:43:32,659 [INFO] 
--- [ 전체 실험 결과 요약 ] ---
2025-11-12 14:43:32,675 [INFO]      model diversification personalize  lambda_param  NDCG@10  Recall@10  Precision@10  MRR@10  Novelty  CatalogCoverage    APLT    ACLT  CompositeDiv
0    EASEᴿ            None          NP           NaN   0.0764     0.0720        0.0492  0.1697   9.6216           0.7712  0.0300  0.0528        0.0988
1    VAECF            None          NP           NaN   0.0287     0.0290        0.0201  0.0668   9.7526           0.7396  0.0639  0.0332        0.0635
2    NeuMF            None          NP           NaN   0.0284     0.0308        0.0220  0.0628   9.3759           0.7849  0.0270  0.0229        0.0444
3    EASEᴿ           I_DIV           P           0.1   0.0638     0.0690        0.0474  0.1320   9.6610           0.8372  0.0414  0.0653        0.1212
4    EASEᴿ           I_DIV           P           0.2   0.0660     0.0696        0.0480  0.1367   9.6330           0.8129  0.0331  0.0580        0.1083
5    EASEᴿ           I_DIV           P           0.3   0.0667     0.0702        0.0484  0.1368   9.6257           0.8021  0.0319  0.0565        0.1056
6    EASEᴿ           I_DIV           P           0.4   0.0674     0.0705        0.0485  0.1382   9.6256           0.7940  0.0319  0.0560        0.1047
7    EASEᴿ           I_DIV           P           0.5   0.0682     0.0705        0.0487  0.1402   9.6241           0.7879  0.0311  0.0545        0.1020
8    EASEᴿ           I_DIV           P           0.6   0.0706     0.0709        0.0487  0.1494   9.6236           0.7829  0.0308  0.0535        0.1002
9    EASEᴿ           I_DIV           P           0.7   0.0717     0.0710        0.0487  0.1532   9.6227           0.7790  0.0304  0.0528        0.0988
10   EASEᴿ           I_DIV           P           0.8   0.0749     0.0717        0.0490  0.1647   9.6215           0.7751  0.0298  0.0520        0.0975
11   EASEᴿ           I_DIV           P           0.9   0.0759     0.0718        0.0491  0.1681   9.6209           0.7732  0.0299  0.0523        0.0979
12   EASEᴿ           A_DIV           P           0.1   0.0361     0.0400        0.0272  0.0704  13.0269           0.7554  0.8426  0.6244        0.6837
13   EASEᴿ           A_DIV           P           0.2   0.0556     0.0560        0.0397  0.1137  12.1185           0.7498  0.5931  0.5452        0.6314
14   EASEᴿ           A_DIV           P           0.3   0.0737     0.0700        0.0499  0.1597  11.4266           0.7480  0.3885  0.4198        0.5378
15   EASEᴿ           A_DIV           P           0.4   0.0826     0.0754        0.0537  0.1829  10.8746           0.7500  0.2565  0.3201        0.4487
16   EASEᴿ           A_DIV           P           0.5   0.0827     0.0755        0.0530  0.1843  10.4338           0.7558  0.1677  0.2359        0.3596
17   EASEᴿ           A_DIV           P           0.6   0.0821     0.0772        0.0534  0.1791  10.1291           0.7593  0.1108  0.1691        0.2766
18   EASEᴿ           A_DIV           P           0.7   0.0806     0.0765        0.0526  0.1753   9.9140           0.7640  0.0735  0.1186        0.2053
19   EASEᴿ           A_DIV           P           0.8   0.0792     0.0748        0.0513  0.1748   9.7773           0.7670  0.0515  0.0882        0.1582
20   EASEᴿ           A_DIV           P           0.9   0.0769     0.0720        0.0495  0.1710   9.6830           0.7691  0.0372  0.0643        0.1187
21   EASEᴿ     I_DIV+A_DIV           P           0.1   0.0456     0.0521        0.0367  0.0852  12.3378           0.8089  0.6589  0.5588        0.6610
22   EASEᴿ     I_DIV+A_DIV           P           0.2   0.0678     0.0705        0.0501  0.1366  11.2937           0.7784  0.3539  0.3967        0.5256
23   EASEᴿ     I_DIV+A_DIV           P           0.3   0.0749     0.0762        0.0535  0.1539  10.6129           0.7735  0.2038  0.2741        0.4048
24   EASEᴿ     I_DIV+A_DIV           P           0.4   0.0762     0.0762        0.0530  0.1586  10.2106           0.7725  0.1266  0.1910        0.3062
25   EASEᴿ     I_DIV+A_DIV           P           0.5   0.0764     0.0766        0.0527  0.1586   9.9822           0.7719  0.0851  0.1362        0.2315
26   EASEᴿ     I_DIV+A_DIV           P           0.6   0.0767     0.0754        0.0518  0.1629   9.8392           0.7712  0.0611  0.1018        0.1798
27   EASEᴿ     I_DIV+A_DIV           P           0.7   0.0773     0.0741        0.0508  0.1691   9.7510           0.7707  0.0466  0.0807        0.1460
28   EASEᴿ     I_DIV+A_DIV           P           0.8   0.0770     0.0725        0.0497  0.1707   9.6912           0.7707  0.0387  0.0663        0.1221
29   EASEᴿ     I_DIV+A_DIV           P           0.9   0.0761     0.0721        0.0495  0.1678   9.6527           0.7709  0.0336  0.0588        0.1093
30   EASEᴿ           I_DIV          NP           0.1   0.0636     0.0694        0.0472  0.1303   9.6510           0.8387  0.0364  0.0623        0.1160
31   EASEᴿ           I_DIV          NP           0.2   0.0660     0.0697        0.0480  0.1364   9.6256           0.8130  0.0319  0.0573        0.1070
32   EASEᴿ           I_DIV          NP           0.3   0.0674     0.0705        0.0485  0.1385   9.6246           0.8018  0.0320  0.0570        0.1065
33   EASEᴿ           I_DIV          NP           0.4   0.0677     0.0708        0.0486  0.1389   9.6226           0.7938  0.0315  0.0555        0.1038
34   EASEᴿ           I_DIV          NP           0.5   0.0689     0.0708        0.0485  0.1437   9.6223           0.7877  0.0307  0.0530        0.0993
35   EASEᴿ           I_DIV          NP           0.6   0.0720     0.0710        0.0487  0.1547   9.6205           0.7818  0.0299  0.0523        0.0980
36   EASEᴿ           I_DIV          NP           0.7   0.0732     0.0713        0.0488  0.1584   9.6201           0.7770  0.0298  0.0520        0.0975
37   EASEᴿ           I_DIV          NP           0.8   0.0755     0.0714        0.0489  0.1678   9.6208           0.7747  0.0302  0.0523        0.0979
38   EASEᴿ           I_DIV          NP           0.9   0.0759     0.0720        0.0492  0.1673   9.6204           0.7730  0.0299  0.0523        0.0979
39   EASEᴿ           A_DIV          NP           0.1   0.0257     0.0296        0.0208  0.0473  13.3329           0.7574  0.9453  0.6437        0.6960
40   EASEᴿ           A_DIV          NP           0.2   0.0455     0.0483        0.0354  0.0890  12.3879           0.7480  0.6554  0.5450        0.6306
41   EASEᴿ           A_DIV          NP           0.3   0.0678     0.0619        0.0449  0.1524  11.6574           0.7434  0.4090  0.4158        0.5333
42   EASEᴿ           A_DIV          NP           0.4   0.0800     0.0720        0.0515  0.1795  10.9873           0.7493  0.2643  0.3095        0.4381
43   EASEᴿ           A_DIV          NP           0.5   0.0832     0.0780        0.0544  0.1823  10.4178           0.7544  0.1548  0.2141        0.3335
44   EASEᴿ           A_DIV          NP           0.6   0.0811     0.0753        0.0521  0.1781  10.0905           0.7598  0.0976  0.1475        0.2470
45   EASEᴿ           A_DIV          NP           0.7   0.0793     0.0739        0.0510  0.1753   9.8934           0.7637  0.0668  0.1073        0.1881
46   EASEᴿ           A_DIV          NP           0.8   0.0783     0.0733        0.0504  0.1731   9.7565           0.7669  0.0454  0.0776        0.1410
47   EASEᴿ           A_DIV          NP           0.9   0.0768     0.0720        0.0496  0.1705   9.6755           0.7690  0.0356  0.0613        0.1136
48   EASEᴿ     I_DIV+A_DIV          NP           0.1   0.0362     0.0419        0.0300  0.0672  12.6402           0.8144  0.7426  0.5643        0.6667
49   EASEᴿ     I_DIV+A_DIV          NP           0.2   0.0623     0.0654        0.0470  0.1247  11.5029           0.7773  0.3736  0.3889        0.5185
50   EASEᴿ     I_DIV+A_DIV          NP           0.3   0.0745     0.0754        0.0531  0.1522  10.6215           0.7747  0.1974  0.2515        0.3797
51   EASEᴿ     I_DIV+A_DIV          NP           0.4   0.0756     0.0753        0.0522  0.1583  10.1706           0.7721  0.1117  0.1656        0.2727
52   EASEᴿ     I_DIV+A_DIV          NP           0.5   0.0768     0.0752        0.0517  0.1632   9.9495           0.7706  0.0752  0.1196        0.2071
53   EASEᴿ     I_DIV+A_DIV          NP           0.6   0.0768     0.0729        0.0504  0.1676   9.8163           0.7705  0.0536  0.0907        0.1623
54   EASEᴿ     I_DIV+A_DIV          NP           0.7   0.0768     0.0726        0.0500  0.1689   9.7359           0.7698  0.0425  0.0734        0.1340
55   EASEᴿ     I_DIV+A_DIV          NP           0.8   0.0763     0.0721        0.0496  0.1686   9.6828           0.7704  0.0362  0.0621        0.1149
56   EASEᴿ     I_DIV+A_DIV          NP           0.9   0.0763     0.0714        0.0491  0.1701   9.6493           0.7706  0.0328  0.0568        0.1058
57   VAECF           I_DIV           P           0.1   0.0277     0.0308        0.0213  0.0592   9.7702           0.8154  0.0704  0.0374        0.0716
58   VAECF           I_DIV           P           0.2   0.0279     0.0305        0.0210  0.0608   9.7565           0.7864  0.0645  0.0339        0.0650
59   VAECF           I_DIV           P           0.3   0.0275     0.0302        0.0207  0.0594   9.7534           0.7738  0.0646  0.0339        0.0650
60   VAECF           I_DIV           P           0.4   0.0271     0.0294        0.0202  0.0593   9.7529           0.7653  0.0641  0.0337        0.0645
61   VAECF           I_DIV           P           0.5   0.0269     0.0286        0.0197  0.0595   9.7525           0.7576  0.0639  0.0337        0.0645
62   VAECF           I_DIV           P           0.6   0.0267     0.0287        0.0198  0.0587   9.7518           0.7525  0.0638  0.0334        0.0640
63   VAECF           I_DIV           P           0.7   0.0277     0.0290        0.0201  0.0627   9.7523           0.7483  0.0640  0.0332        0.0635
64   VAECF           I_DIV           P           0.8   0.0283     0.0290        0.0201  0.0649   9.7522           0.7447  0.0637  0.0334        0.0640
65   VAECF           I_DIV           P           0.9   0.0285     0.0290        0.0201  0.0659   9.7522           0.7424  0.0638  0.0334        0.0640
66   VAECF           A_DIV           P           0.1   0.0078     0.0086        0.0059  0.0162  13.0540           0.7509  0.8552  0.1771        0.2866
67   VAECF           A_DIV           P           0.2   0.0156     0.0164        0.0115  0.0336  11.7835           0.7453  0.5020  0.1332        0.2260
68   VAECF           A_DIV           P           0.3   0.0229     0.0223        0.0155  0.0541  10.9294           0.7425  0.2800  0.0957        0.1696
69   VAECF           A_DIV           P           0.4   0.0270     0.0264        0.0183  0.0637  10.3618           0.7382  0.1679  0.0678        0.1243
70   VAECF           A_DIV           P           0.5   0.0275     0.0274        0.0189  0.0643  10.0690           0.7378  0.1126  0.0545        0.1015
71   VAECF           A_DIV           P           0.6   0.0283     0.0283        0.0195  0.0660   9.9345           0.7384  0.0902  0.0427        0.0808
72   VAECF           A_DIV           P           0.7   0.0282     0.0283        0.0194  0.0661   9.8609           0.7389  0.0789  0.0379        0.0722
73   VAECF           A_DIV           P           0.8   0.0284     0.0288        0.0197  0.0662   9.8094           0.7392  0.0711  0.0354        0.0676
74   VAECF           A_DIV           P           0.9   0.0284     0.0288        0.0198  0.0661   9.7763           0.7392  0.0668  0.0342        0.0653
75   VAECF     I_DIV+A_DIV           P           0.1   0.0134     0.0158        0.0110  0.0261  12.0179           0.8215  0.5939  0.1681        0.2791
76   VAECF     I_DIV+A_DIV           P           0.2   0.0211     0.0233        0.0163  0.0452  10.7507           0.7808  0.2518  0.1060        0.1867
77   VAECF     I_DIV+A_DIV           P           0.3   0.0255     0.0273        0.0188  0.0561  10.1657           0.7624  0.1339  0.0636        0.1174
78   VAECF     I_DIV+A_DIV           P           0.4   0.0260     0.0280        0.0193  0.0563   9.9707           0.7534  0.0973  0.0472        0.0889
79   VAECF     I_DIV+A_DIV           P           0.5   0.0269     0.0282        0.0194  0.0608   9.8834           0.7492  0.0824  0.0389        0.0740
80   VAECF     I_DIV+A_DIV           P           0.6   0.0277     0.0286        0.0196  0.0639   9.8335           0.7468  0.0749  0.0362        0.0690
81   VAECF     I_DIV+A_DIV           P           0.7   0.0280     0.0288        0.0197  0.0645   9.8017           0.7440  0.0706  0.0352        0.0672
82   VAECF     I_DIV+A_DIV           P           0.8   0.0284     0.0290        0.0200  0.0658   9.7802           0.7422  0.0674  0.0347        0.0663
83   VAECF     I_DIV+A_DIV           P           0.9   0.0284     0.0289        0.0200  0.0660   9.7639           0.7405  0.0654  0.0337        0.0644
84   VAECF           I_DIV          NP           0.1   0.0273     0.0304        0.0209  0.0584   9.7644           0.8164  0.0685  0.0364        0.0698
85   VAECF           I_DIV          NP           0.2   0.0279     0.0306        0.0209  0.0612   9.7555           0.7870  0.0654  0.0347        0.0664
86   VAECF           I_DIV          NP           0.3   0.0264     0.0293        0.0202  0.0566   9.7528           0.7738  0.0646  0.0342        0.0655
87   VAECF           I_DIV          NP           0.4   0.0260     0.0283        0.0197  0.0565   9.7531           0.7653  0.0642  0.0339        0.0650
88   VAECF           I_DIV          NP           0.5   0.0267     0.0286        0.0200  0.0584   9.7537           0.7567  0.0640  0.0337        0.0645
89   VAECF           I_DIV          NP           0.6   0.0274     0.0285        0.0197  0.0618   9.7522           0.7517  0.0636  0.0337        0.0644
90   VAECF           I_DIV          NP           0.7   0.0282     0.0288        0.0200  0.0655   9.7523           0.7479  0.0638  0.0334        0.0640
91   VAECF           I_DIV          NP           0.8   0.0284     0.0290        0.0201  0.0661   9.7516           0.7447  0.0638  0.0334        0.0640
92   VAECF           I_DIV          NP           0.9   0.0286     0.0290        0.0201  0.0666   9.7520           0.7425  0.0637  0.0334        0.0640
93   VAECF           A_DIV          NP           0.1   0.0033     0.0036        0.0026  0.0075  13.4596           0.7517  0.9504  0.1588        0.2622
94   VAECF           A_DIV          NP           0.2   0.0080     0.0098        0.0073  0.0159  12.3563           0.7459  0.6092  0.1176        0.2032
95   VAECF           A_DIV          NP           0.3   0.0192     0.0173        0.0124  0.0482  11.2905           0.7380  0.3181  0.0794        0.1434
96   VAECF           A_DIV          NP           0.4   0.0254     0.0241        0.0170  0.0612  10.4130           0.7400  0.1623  0.0606        0.1119
97   VAECF           A_DIV          NP           0.5   0.0280     0.0282        0.0195  0.0648  10.0254           0.7369  0.0972  0.0460        0.0866
98   VAECF           A_DIV          NP           0.6   0.0284     0.0284        0.0196  0.0665   9.9091           0.7371  0.0813  0.0389        0.0740
99   VAECF           A_DIV          NP           0.7   0.0284     0.0283        0.0195  0.0669   9.8433           0.7380  0.0734  0.0362        0.0690
100  VAECF           A_DIV          NP           0.8   0.0282     0.0287        0.0196  0.0659   9.8023           0.7383  0.0687  0.0349        0.0667
101  VAECF           A_DIV          NP           0.9   0.0284     0.0288        0.0198  0.0661   9.7725           0.7388  0.0658  0.0337        0.0644
102  VAECF     I_DIV+A_DIV          NP           0.1   0.0067     0.0076        0.0057  0.0141  12.6163           0.8352  0.7165  0.1495        0.2536
103  VAECF     I_DIV+A_DIV          NP           0.2   0.0182     0.0195        0.0139  0.0394  11.0259           0.7837  0.2791  0.0894        0.1606
104  VAECF     I_DIV+A_DIV          NP           0.3   0.0249     0.0266        0.0184  0.0540  10.1395           0.7611  0.1193  0.0573        0.1066
105  VAECF     I_DIV+A_DIV          NP           0.4   0.0268     0.0284        0.0198  0.0586   9.9320           0.7519  0.0847  0.0399        0.0759
106  VAECF     I_DIV+A_DIV          NP           0.5   0.0273     0.0284        0.0196  0.0616   9.8647           0.7486  0.0762  0.0367        0.0699
107  VAECF     I_DIV+A_DIV          NP           0.6   0.0278     0.0286        0.0196  0.0642   9.8212           0.7450  0.0710  0.0349        0.0667
108  VAECF     I_DIV+A_DIV          NP           0.7   0.0280     0.0287        0.0196  0.0651   9.7949           0.7428  0.0685  0.0344        0.0658
109  VAECF     I_DIV+A_DIV          NP           0.8   0.0285     0.0288        0.0198  0.0667   9.7742           0.7419  0.0662  0.0342        0.0653
110  VAECF     I_DIV+A_DIV          NP           0.9   0.0282     0.0287        0.0198  0.0653   9.7628           0.7401  0.0649  0.0337        0.0644
111  NeuMF           I_DIV           P           0.1   0.0275     0.0300        0.0213  0.0616   9.4235           0.8522  0.0374  0.0281        0.0545
112  NeuMF           I_DIV           P           0.2   0.0296     0.0319        0.0226  0.0671   9.3975           0.8303  0.0298  0.0234        0.0455
113  NeuMF           I_DIV           P           0.3   0.0289     0.0307        0.0218  0.0649   9.3818           0.8195  0.0278  0.0216        0.0421
114  NeuMF           I_DIV           P           0.4   0.0292     0.0312        0.0221  0.0652   9.3751           0.8127  0.0272  0.0224        0.0435
115  NeuMF           I_DIV           P           0.5   0.0287     0.0306        0.0218  0.0641   9.3714           0.8066  0.0269  0.0221        0.0430
116  NeuMF           I_DIV           P           0.6   0.0293     0.0308        0.0220  0.0656   9.3706           0.8010  0.0267  0.0221        0.0430
117  NeuMF           I_DIV           P           0.7   0.0288     0.0308        0.0220  0.0633   9.3731           0.7966  0.0268  0.0221        0.0430
118  NeuMF           I_DIV           P           0.8   0.0288     0.0306        0.0219  0.0645   9.3744           0.7924  0.0270  0.0221        0.0430
119  NeuMF           I_DIV           P           0.9   0.0290     0.0308        0.0220  0.0650   9.3755           0.7877  0.0269  0.0226        0.0440
120  NeuMF           A_DIV           P           0.1   0.0074     0.0087        0.0059  0.0152  12.3662           0.7540  0.7541  0.3646        0.4915
121  NeuMF           A_DIV           P           0.2   0.0108     0.0128        0.0089  0.0227  11.6087           0.7446  0.4502  0.2510        0.3754
122  NeuMF           A_DIV           P           0.3   0.0178     0.0200        0.0139  0.0390  10.9912           0.7478  0.2805  0.1651        0.2704
123  NeuMF           A_DIV           P           0.4   0.0246     0.0263        0.0188  0.0564  10.4868           0.7579  0.1838  0.1085        0.1899
124  NeuMF           A_DIV           P           0.5   0.0274     0.0297        0.0215  0.0610  10.1026           0.7631  0.1240  0.0726        0.1326
125  NeuMF           A_DIV           P           0.6   0.0279     0.0295        0.0213  0.0632   9.8510           0.7710  0.0894  0.0500        0.0939
126  NeuMF           A_DIV           P           0.7   0.0281     0.0295        0.0215  0.0636   9.6744           0.7773  0.0654  0.0377        0.0719
127  NeuMF           A_DIV           P           0.8   0.0281     0.0301        0.0218  0.0626   9.5462           0.7803  0.0484  0.0324        0.0622
128  NeuMF           A_DIV           P           0.9   0.0285     0.0308        0.0221  0.0629   9.4473           0.7835  0.0361  0.0269        0.0520
129  NeuMF     I_DIV+A_DIV           P           0.1   0.0100     0.0126        0.0085  0.0203  11.7726           0.8258  0.5255  0.2749        0.4125
130  NeuMF     I_DIV+A_DIV           P           0.2   0.0197     0.0222        0.0155  0.0426  10.8538           0.8002  0.2581  0.1583        0.2643
131  NeuMF     I_DIV+A_DIV           P           0.3   0.0255     0.0279        0.0200  0.0565  10.2589           0.7921  0.1500  0.0897        0.1611
132  NeuMF     I_DIV+A_DIV           P           0.4   0.0269     0.0292        0.0213  0.0595   9.9185           0.7913  0.1008  0.0573        0.1068
133  NeuMF     I_DIV+A_DIV           P           0.5   0.0284     0.0298        0.0217  0.0644   9.7300           0.7909  0.0732  0.0432        0.0820
134  NeuMF     I_DIV+A_DIV           P           0.6   0.0282     0.0298        0.0216  0.0629   9.6015           0.7897  0.0563  0.0364        0.0697
135  NeuMF     I_DIV+A_DIV           P           0.7   0.0287     0.0299        0.0217  0.0656   9.5202           0.7870  0.0449  0.0307        0.0590
136  NeuMF     I_DIV+A_DIV           P           0.8   0.0292     0.0308        0.0221  0.0657   9.4552           0.7871  0.0377  0.0274        0.0529
137  NeuMF     I_DIV+A_DIV           P           0.9   0.0287     0.0308        0.0220  0.0637   9.4071           0.7861  0.0315  0.0251        0.0487
138  NeuMF           I_DIV          NP           0.1   0.0272     0.0302        0.0216  0.0600   9.4133           0.8541  0.0358  0.0274        0.0531
139  NeuMF           I_DIV          NP           0.2   0.0286     0.0314        0.0225  0.0632   9.3902           0.8328  0.0290  0.0241        0.0469
140  NeuMF           I_DIV          NP           0.3   0.0290     0.0312        0.0221  0.0650   9.3758           0.8206  0.0274  0.0216        0.0421
141  NeuMF           I_DIV          NP           0.4   0.0287     0.0311        0.0221  0.0637   9.3701           0.8128  0.0268  0.0211        0.0411
142  NeuMF           I_DIV          NP           0.5   0.0288     0.0309        0.0220  0.0642   9.3710           0.8065  0.0269  0.0221        0.0430
143  NeuMF           I_DIV          NP           0.6   0.0289     0.0307        0.0219  0.0643   9.3719           0.8009  0.0267  0.0226        0.0440
144  NeuMF           I_DIV          NP           0.7   0.0294     0.0310        0.0221  0.0659   9.3726           0.7966  0.0269  0.0224        0.0435
145  NeuMF           I_DIV          NP           0.8   0.0290     0.0308        0.0220  0.0643   9.3738           0.7917  0.0267  0.0221        0.0430
146  NeuMF           I_DIV          NP           0.9   0.0288     0.0308        0.0220  0.0647   9.3761           0.7875  0.0269  0.0226        0.0440
147  NeuMF           A_DIV          NP           0.1   0.0038     0.0047        0.0036  0.0070  12.6697           0.7537  0.8747  0.3608        0.4880
148  NeuMF           A_DIV          NP           0.2   0.0062     0.0075        0.0055  0.0133  11.9467           0.7354  0.4726  0.2450        0.3675
149  NeuMF           A_DIV          NP           0.3   0.0117     0.0139        0.0099  0.0245  11.4319           0.7336  0.2844  0.1545        0.2553
150  NeuMF           A_DIV          NP           0.4   0.0239     0.0268        0.0183  0.0540  10.5895           0.7461  0.1509  0.0910        0.1621
151  NeuMF           A_DIV          NP           0.5   0.0266     0.0287        0.0202  0.0601  10.0360           0.7610  0.0939  0.0540        0.1009
152  NeuMF           A_DIV          NP           0.6   0.0279     0.0304        0.0217  0.0626   9.7627           0.7709  0.0657  0.0389        0.0741
153  NeuMF           A_DIV          NP           0.7   0.0283     0.0298        0.0216  0.0647   9.6078           0.7761  0.0500  0.0329        0.0632
154  NeuMF           A_DIV          NP           0.8   0.0283     0.0304        0.0219  0.0628   9.4996           0.7804  0.0397  0.0286        0.0553
155  NeuMF           A_DIV          NP           0.9   0.0288     0.0311        0.0223  0.0639   9.4274           0.7841  0.0325  0.0254        0.0492
156  NeuMF     I_DIV+A_DIV          NP           0.1   0.0054     0.0065        0.0050  0.0113  12.0995           0.8264  0.5636  0.2533        0.3877
157  NeuMF     I_DIV+A_DIV          NP           0.2   0.0128     0.0155        0.0110  0.0263  11.2292           0.7944  0.2517  0.1450        0.2452
158  NeuMF     I_DIV+A_DIV          NP           0.3   0.0259     0.0285        0.0195  0.0582  10.2062           0.7911  0.1119  0.0658        0.1215
159  NeuMF     I_DIV+A_DIV          NP           0.4   0.0266     0.0290        0.0206  0.0597   9.8247           0.7912  0.0740  0.0440        0.0833
160  NeuMF     I_DIV+A_DIV          NP           0.5   0.0282     0.0301        0.0218  0.0631   9.6476           0.7898  0.0544  0.0352        0.0674
161  NeuMF     I_DIV+A_DIV          NP           0.6   0.0291     0.0304        0.0220  0.0661   9.5475           0.7886  0.0440  0.0299        0.0576
162  NeuMF     I_DIV+A_DIV          NP           0.7   0.0288     0.0306        0.0219  0.0642   9.4789           0.7872  0.0376  0.0274        0.0529
163  NeuMF     I_DIV+A_DIV          NP           0.8   0.0293     0.0311        0.0223  0.0664   9.4333           0.7872  0.0330  0.0256        0.0496
164  NeuMF     I_DIV+A_DIV          NP           0.9   0.0290     0.0310        0.0222  0.0645   9.3979           0.7858  0.0296  0.0241        0.0468
2025-11-12 14:43:32,687 [INFO] --- 민감도 분석 완료 ---
